Using pre-set license
Built from '2022.1/staging' branch; Version is '2022.1.16f1 (7321c9670bc2) revision 7545289'; Using compiler version '192829333'; Build Type 'Release'
OS: 'Windows 10  (10.0.19045) 64bit Education' Language: 'en' Physical Memory: 16309 MB
BatchMode: 1, IsHumanControllingUs: 0, StartBugReporterOnCrash: 0, Is64bit: 1, IsPro: 1

COMMAND LINE ARGUMENTS:
C:\Program Files\Unity\Hub\Editor\2022.1.16f1\Editor\Unity.exe
-adb2
-batchMode
-noUpm
-name
AssetImportWorker10
-projectPath
D:/514569/Unity/Year2/LEGO/LEGOScroogeGame
-logFile
Logs/AssetImportWorker10.log
-srvPort
64891
Successfully changed project path to: D:/514569/Unity/Year2/LEGO/LEGOScroogeGame
D:/514569/Unity/Year2/LEGO/LEGOScroogeGame
[UnityMemory] Configuration Parameters - Can be set up in boot.config
    "memorysetup-bucket-allocator-granularity=16"
    "memorysetup-bucket-allocator-bucket-count=8"
    "memorysetup-bucket-allocator-block-size=33554432"
    "memorysetup-bucket-allocator-block-count=8"
    "memorysetup-main-allocator-block-size=16777216"
    "memorysetup-thread-allocator-block-size=16777216"
    "memorysetup-gfx-main-allocator-block-size=16777216"
    "memorysetup-gfx-thread-allocator-block-size=16777216"
    "memorysetup-cache-allocator-block-size=4194304"
    "memorysetup-typetree-allocator-block-size=2097152"
    "memorysetup-profiler-bucket-allocator-granularity=16"
    "memorysetup-profiler-bucket-allocator-bucket-count=8"
    "memorysetup-profiler-bucket-allocator-block-size=33554432"
    "memorysetup-profiler-bucket-allocator-block-count=8"
    "memorysetup-profiler-allocator-block-size=16777216"
    "memorysetup-profiler-editor-allocator-block-size=1048576"
    "memorysetup-temp-allocator-size-main=16777216"
    "memorysetup-job-temp-allocator-block-size=2097152"
    "memorysetup-job-temp-allocator-block-size-background=1048576"
    "memorysetup-job-temp-allocator-reduction-small-platforms=262144"
    "memorysetup-temp-allocator-size-background-worker=32768"
    "memorysetup-temp-allocator-size-job-worker=262144"
    "memorysetup-temp-allocator-size-preload-manager=33554432"
    "memorysetup-temp-allocator-size-nav-mesh-worker=65536"
    "memorysetup-temp-allocator-size-audio-worker=65536"
    "memorysetup-temp-allocator-size-cloud-worker=32768"
    "memorysetup-temp-allocator-size-gi-baking-worker=262144"
    "memorysetup-temp-allocator-size-gfx=262144"
Refreshing native plugins compatible for Editor in 176.03 ms, found 3 plugins.
Preloading 0 native plugins for Editor in 0.00 ms.
Initialize engine version: 2022.1.16f1 (7321c9670bc2)
[Subsystems] Discovering subsystems at path C:/Program Files/Unity/Hub/Editor/2022.1.16f1/Editor/Data/Resources/UnitySubsystems
[Subsystems] Discovering subsystems at path D:/514569/Unity/Year2/LEGO/LEGOScroogeGame/Assets
GfxDevice: creating device client; threaded=0; jobified=0
Direct3D:
    Version:  Direct3D 11.0 [level 11.1]
    Renderer: NVIDIA GeForce GTX 1650 (ID=0x2188)
    Vendor:   NVIDIA
    VRAM:     3949 MB
    Driver:   31.0.15.3623
Initialize mono
Mono path[0] = 'C:/Program Files/Unity/Hub/Editor/2022.1.16f1/Editor/Data/Managed'
Mono path[1] = 'C:/Program Files/Unity/Hub/Editor/2022.1.16f1/Editor/Data/MonoBleedingEdge/lib/mono/unityjit-win32'
Mono config path = 'C:/Program Files/Unity/Hub/Editor/2022.1.16f1/Editor/Data/MonoBleedingEdge/etc'
Using monoOptions --debugger-agent=transport=dt_socket,embedding=1,server=y,suspend=n,address=127.0.0.1:56376
Begin MonoManager ReloadAssembly
Registering precompiled unity dll's ...
Register platform support module: C:/Program Files/Unity/Hub/Editor/2022.1.16f1/Editor/Data/PlaybackEngines/WebGLSupport/UnityEditor.WebGL.Extensions.dll
Register platform support module: C:/Program Files/Unity/Hub/Editor/2022.1.16f1/Editor/Data/PlaybackEngines/MacStandaloneSupport/UnityEditor.OSXStandalone.Extensions.dll
Register platform support module: C:/Program Files/Unity/Hub/Editor/2022.1.16f1/Editor/Data/PlaybackEngines/AndroidPlayer/UnityEditor.Android.Extensions.dll
Register platform support module: C:/Program Files/Unity/Hub/Editor/2022.1.16f1/Editor/Data/PlaybackEngines/iOSSupport/UnityEditor.iOS.Extensions.dll
Register platform support module: C:/Program Files/Unity/Hub/Editor/2022.1.16f1/Editor/Data/PlaybackEngines/AppleTVSupport/UnityEditor.AppleTV.Extensions.dll
Register platform support module: C:/Program Files/Unity/Hub/Editor/2022.1.16f1/Editor/Data/PlaybackEngines/WindowsStandaloneSupport/UnityEditor.WindowsStandalone.Extensions.dll
Register platform support module: C:/Program Files/Unity/Hub/Editor/2022.1.16f1/Editor/Data/PlaybackEngines/LinuxStandaloneSupport/UnityEditor.LinuxStandalone.Extensions.dll
Register platform support module: C:/Program Files/Unity/Hub/Editor/2022.1.16f1/Editor/Data/PlaybackEngines/MetroSupport/UnityEditor.UWP.Extensions.dll
Registered in 0.019881 seconds.
Native extension for UWP target not found
Native extension for LinuxStandalone target not found
Native extension for WindowsStandalone target not found
[usbmuxd] Start listen thread
[usbmuxd] Listen thread started
Native extension for AppleTV target not found
[usbmuxd] Start listen thread
[usbmuxd] Listen thread started
Native extension for iOS target not found
Native extension for Android target not found
Native extension for OSXStandalone target not found
Native extension for WebGL target not found
Refreshing native plugins compatible for Editor in 168.42 ms, found 3 plugins.
Preloading 0 native plugins for Editor in 0.00 ms.
Mono: successfully reloaded assembly
- Completed reload, in  0.868 seconds
Domain Reload Profiling:
	ReloadAssembly (869ms)
		BeginReloadAssembly (95ms)
			ExecutionOrderSort (0ms)
			DisableScriptedObjects (0ms)
			BackupInstance (0ms)
			ReleaseScriptingObjects (0ms)
			CreateAndSetChildDomain (1ms)
		EndReloadAssembly (635ms)
			LoadAssemblies (94ms)
			RebuildTransferFunctionScriptingTraits (0ms)
			SetupTypeCache (134ms)
				TypeCache.Initialize (134ms)
					TypeCache.ScanAssembly (131ms)
				ResolveRequiredComponents (1ms)
			ReleaseScriptCaches (0ms)
			RebuildScriptCaches (31ms)
			SetupLoadedEditorAssemblies (399ms)
				LogAssemblyErrors (0ms)
				InitializePlatformSupportModulesInManaged (71ms)
				SetLoadedEditorAssemblies (5ms)
				RefreshPlugins (169ms)
				BeforeProcessingInitializeOnLoad (1ms)
				ProcessInitializeOnLoadAttributes (106ms)
				ProcessInitializeOnLoadMethodAttributes (47ms)
				AfterProcessingInitializeOnLoad (0ms)
				EditorAssembliesLoaded (0ms)
			ExecutionOrderSort2 (0ms)
			AwakeInstancesAfterBackupRestoration (0ms)
Platform modules already initialized, skipping
Registering precompiled user dll's ...
Registered in 0.007205 seconds.
Begin MonoManager ReloadAssembly
Symbol file LoadedFromMemory doesn't match image D:\514569\Unity\Year2\LEGO\LEGOScroogeGame\Library\PackageCache\com.unity.visualscripting@1.7.8\Editor\VisualScripting.Core\Dependencies\YamlDotNet\Unity.VisualScripting.YamlDotNet.dll
Symbol file LoadedFromMemory doesn't match image D:\514569\Unity\Year2\LEGO\LEGOScroogeGame\Library\PackageCache\com.unity.visualscripting@1.7.8\Editor\VisualScripting.Core\Dependencies\DotNetZip\Unity.VisualScripting.IonicZip.dll
Native extension for UWP target not found
Native extension for LinuxStandalone target not found
Native extension for WindowsStandalone target not found
Native extension for AppleTV target not found
Native extension for iOS target not found
Native extension for Android target not found
Native extension for OSXStandalone target not found
Native extension for WebGL target not found
Refreshing native plugins compatible for Editor in 161.75 ms, found 3 plugins.
Preloading 0 native plugins for Editor in 0.00 ms.
Mono: successfully reloaded assembly
- Completed reload, in  1.512 seconds
Domain Reload Profiling:
	ReloadAssembly (1513ms)
		BeginReloadAssembly (128ms)
			ExecutionOrderSort (0ms)
			DisableScriptedObjects (5ms)
			BackupInstance (0ms)
			ReleaseScriptingObjects (0ms)
			CreateAndSetChildDomain (24ms)
		EndReloadAssembly (1267ms)
			LoadAssemblies (103ms)
			RebuildTransferFunctionScriptingTraits (0ms)
			SetupTypeCache (284ms)
				TypeCache.Initialize (270ms)
					TypeCache.ScanAssembly (266ms)
				ResolveRequiredComponents (14ms)
			ReleaseScriptCaches (1ms)
			RebuildScriptCaches (80ms)
			SetupLoadedEditorAssemblies (761ms)
				LogAssemblyErrors (0ms)
				InitializePlatformSupportModulesInManaged (37ms)
				SetLoadedEditorAssemblies (5ms)
				RefreshPlugins (162ms)
				BeforeProcessingInitializeOnLoad (131ms)
				ProcessInitializeOnLoadAttributes (333ms)
				ProcessInitializeOnLoadMethodAttributes (79ms)
				AfterProcessingInitializeOnLoad (14ms)
				EditorAssembliesLoaded (0ms)
			ExecutionOrderSort2 (0ms)
			AwakeInstancesAfterBackupRestoration (6ms)
Platform modules already initialized, skipping
========================================================================
Worker process is ready to serve import requests
Launched and connected shader compiler UnityShaderCompiler.exe after 0.05 seconds
Refreshing native plugins compatible for Editor in 2.69 ms, found 3 plugins.
Preloading 0 native plugins for Editor in 0.00 ms.
Unloading 5896 Unused Serialized files (Serialized files now loaded: 0)
Unloading 58 unused Assets / (1.6 MB). Loaded Objects now: 6339.
Memory consumption went from 0.92 GB to 0.92 GB.
Total: 6.285900 ms (FindLiveObjects: 0.684200 ms CreateObjectMapping: 0.180300 ms MarkObjects: 4.818700 ms  DeleteObjects: 0.601500 ms)

AssetImportParameters requested are different than current active one (requested -> active):
  custom:video-decoder-ogg-theora: a1e56fd34408186e4bbccfd4996cb3dc -> 
  custom:container-muxer-webm: aa71ff27fc2769a1b78a27578f13a17b -> 
  custom:container-demuxer-webm: 4f35f7cbe854078d1ac9338744f61a02 -> 
  custom:video-encoder-webm-vp8: eb34c28f22e8b96e1ab97ce403110664 -> 
  custom:audio-encoder-webm-vorbis: bf7c407c2cedff20999df2af8eb42d56 -> 
  custom:framework-win-MediaFoundation: 216162199b28c13a410421893ffa2e32 -> 
  custom:container-demuxer-ogg: 62fdf1f143b41e24485cea50d1cbac27 -> 
  custom:video-decoder-webm-vp8: 9c59270c3fd7afecdb556c50c9e8de78 -> 
  custom:audio-decoder-ogg-vorbis: bf7c407c2cedff20999df2af8eb42d56 -> 
========================================================================
Received Import Request.
  Time since last request: 1794196.997419 seconds.
  path: Assets/Epic Toon FX/Prefabs/Combat/Explosions/- Misc/BalloonPopExplosion.prefab
  artifactKey: Guid(c2f28a236b0696a4f90a994422019577) Importer(815301076,1909f56bfc062723c751e8b465ee728b)
Start importing Assets/Epic Toon FX/Prefabs/Combat/Explosions/- Misc/BalloonPopExplosion.prefab using Guid(c2f28a236b0696a4f90a994422019577) Importer(815301076,1909f56bfc062723c751e8b465ee728b)  -> (artifact id: '6075d141805a3bf3850717c96312bcd3') in 0.646264 seconds 
========================================================================
Received Import Request.
  Time since last request: 0.000033 seconds.
  path: Assets/Epic Toon FX/Prefabs/Interactive/Powerups/PowerOrb/PowerOrbPurple.prefab
  artifactKey: Guid(4be5e42ebaca58b47ae39e94209c5f32) Importer(815301076,1909f56bfc062723c751e8b465ee728b)
Start importing Assets/Epic Toon FX/Prefabs/Interactive/Powerups/PowerOrb/PowerOrbPurple.prefab using Guid(4be5e42ebaca58b47ae39e94209c5f32) Importer(815301076,1909f56bfc062723c751e8b465ee728b)  -> (artifact id: '1a81cbc7bcfda730a0e7495a0954bf47') in 0.103645 seconds 
========================================================================
Received Import Request.
  Time since last request: 0.000036 seconds.
  path: Assets/Epic Toon FX/Prefabs/Interactive/Powerups/PowerOrbElemental/PowerOrbLightningElemental.prefab
  artifactKey: Guid(bcd9b34aae40e764a89cacdbc1c3d4e2) Importer(815301076,1909f56bfc062723c751e8b465ee728b)
Start importing Assets/Epic Toon FX/Prefabs/Interactive/Powerups/PowerOrbElemental/PowerOrbLightningElemental.prefab using Guid(bcd9b34aae40e764a89cacdbc1c3d4e2) Importer(815301076,1909f56bfc062723c751e8b465ee728b)  -> (artifact id: 'e40ae1c5dcd8e008c77470a918557a4e') in 0.084807 seconds 
========================================================================
Received Import Request.
  Time since last request: 0.000026 seconds.
  path: Assets/Epic Toon FX/Prefabs/Interactive/Powerups/PowerOrb/PowerOrbYellow.prefab
  artifactKey: Guid(ef5a7269b1cf9dc4ca6e2bb959e8ec9b) Importer(815301076,1909f56bfc062723c751e8b465ee728b)
Start importing Assets/Epic Toon FX/Prefabs/Interactive/Powerups/PowerOrb/PowerOrbYellow.prefab using Guid(ef5a7269b1cf9dc4ca6e2bb959e8ec9b) Importer(815301076,1909f56bfc062723c751e8b465ee728b)  -> (artifact id: '66e958e6be03f96234ea5e28ebd841bd') in 0.022062 seconds 
========================================================================
Received Import Request.
  Time since last request: 0.000021 seconds.
  path: Assets/Epic Toon FX/Prefabs/Combat/Explosions/- Misc/PoisonSkullExplosion.prefab
  artifactKey: Guid(81a6215dbf618d84cae2c6907f947094) Importer(815301076,1909f56bfc062723c751e8b465ee728b)
Start importing Assets/Epic Toon FX/Prefabs/Combat/Explosions/- Misc/PoisonSkullExplosion.prefab using Guid(81a6215dbf618d84cae2c6907f947094) Importer(815301076,1909f56bfc062723c751e8b465ee728b)  -> (artifact id: '98e798b107112782b3800446b28d02bd') in 0.022427 seconds 
========================================================================
Received Import Request.
  Time since last request: 0.000029 seconds.
  path: Assets/Epic Toon FX/Prefabs/Interactive/Powerups/PowerupActivate/PowerupActivateGreen.prefab
  artifactKey: Guid(1342eed2661c76f43af6fbb613df9de1) Importer(815301076,1909f56bfc062723c751e8b465ee728b)
Start importing Assets/Epic Toon FX/Prefabs/Interactive/Powerups/PowerupActivate/PowerupActivateGreen.prefab using Guid(1342eed2661c76f43af6fbb613df9de1) Importer(815301076,1909f56bfc062723c751e8b465ee728b)  -> (artifact id: 'fdf34cc0f8fb684cdba05880e4693a62') in 0.020730 seconds 
========================================================================
Received Import Request.
  Time since last request: 0.000027 seconds.
  path: Assets/Epic Toon FX/Prefabs/Interactive/Powerups/PowerupActivate/PowerupActivateYellow.prefab
  artifactKey: Guid(491da4be801efb948b57d5aa03918aa6) Importer(815301076,1909f56bfc062723c751e8b465ee728b)
Start importing Assets/Epic Toon FX/Prefabs/Interactive/Powerups/PowerupActivate/PowerupActivateYellow.prefab using Guid(491da4be801efb948b57d5aa03918aa6) Importer(815301076,1909f56bfc062723c751e8b465ee728b)  -> (artifact id: 'd9349f19a87dfdeab611d9fa75c8d3a1') in 0.020431 seconds 
========================================================================
Received Import Request.
  Time since last request: 0.000030 seconds.
  path: Assets/Epic Toon FX/Prefabs/Environment/Dust/DustDirtyPoof.prefab
  artifactKey: Guid(c05e92eaee7a00844867e5edc8e0dde1) Importer(815301076,1909f56bfc062723c751e8b465ee728b)
Start importing Assets/Epic Toon FX/Prefabs/Environment/Dust/DustDirtyPoof.prefab using Guid(c05e92eaee7a00844867e5edc8e0dde1) Importer(815301076,1909f56bfc062723c751e8b465ee728b)  -> (artifact id: 'c966ce787132fa5f114d9d3b2de98b61') in 0.030720 seconds 
========================================================================
Received Import Request.
  Time since last request: 0.000030 seconds.
  path: Assets/Epic Toon FX/Prefabs/Interactive/Powerups/PowerupGlow/PowerupGlow4.prefab
  artifactKey: Guid(cf43b6768a3ee1448a924c9de2afbcdf) Importer(815301076,1909f56bfc062723c751e8b465ee728b)
Start importing Assets/Epic Toon FX/Prefabs/Interactive/Powerups/PowerupGlow/PowerupGlow4.prefab using Guid(cf43b6768a3ee1448a924c9de2afbcdf) Importer(815301076,1909f56bfc062723c751e8b465ee728b)  -> (artifact id: '442ca15221c582dffd57b57b3f51d1f5') in 0.056859 seconds 
========================================================================
Received Import Request.
  Time since last request: 0.000027 seconds.
  path: Assets/Epic Toon FX/Prefabs/Interactive/Portals/SimplePortal/SimplePortalBlue.prefab
  artifactKey: Guid(0845aa8b2ce753145ab9bacc42062661) Importer(815301076,1909f56bfc062723c751e8b465ee728b)
Start importing Assets/Epic Toon FX/Prefabs/Interactive/Portals/SimplePortal/SimplePortalBlue.prefab using Guid(0845aa8b2ce753145ab9bacc42062661) Importer(815301076,1909f56bfc062723c751e8b465ee728b)  -> (artifact id: '324101e53c10d106d11fe47adca0b9a9') in 0.030352 seconds 
========================================================================
Received Import Request.
  Time since last request: 0.000022 seconds.
  path: Assets/Epic Toon FX/Prefabs/Interactive/Powerups/PowerupGlow/PowerupGlow5.prefab
  artifactKey: Guid(ac1bf2203f8a8174fa539203f0d7018b) Importer(815301076,1909f56bfc062723c751e8b465ee728b)
Start importing Assets/Epic Toon FX/Prefabs/Interactive/Powerups/PowerupGlow/PowerupGlow5.prefab using Guid(ac1bf2203f8a8174fa539203f0d7018b) Importer(815301076,1909f56bfc062723c751e8b465ee728b)  -> (artifact id: 'ad472565477adfe8c10ebd5cb1302cba') in 0.021534 seconds 
========================================================================
Received Import Request.
  Time since last request: 0.000021 seconds.
  path: Assets/SharedAssets/Packages/LowPoly/PolygonKnights/Prefabs/Buildings/SM_Bld_Castle_Flagpole_01.prefab
  artifactKey: Guid(d27315a8551b44044a8042a19932c483) Importer(815301076,1909f56bfc062723c751e8b465ee728b)
Start importing Assets/SharedAssets/Packages/LowPoly/PolygonKnights/Prefabs/Buildings/SM_Bld_Castle_Flagpole_01.prefab using Guid(d27315a8551b44044a8042a19932c483) Importer(815301076,1909f56bfc062723c751e8b465ee728b)  -> (artifact id: 'b00072a201f026ff600ea1afb300aa62') in 1.178719 seconds 
========================================================================
Received Import Request.
  Time since last request: 0.000025 seconds.
  path: Assets/Epic Toon FX/Prefabs/Interactive/Zone/BasicZone/BasicZoneRed.prefab
  artifactKey: Guid(c82022460ac6d274cb9e2aefc6da9dc9) Importer(815301076,1909f56bfc062723c751e8b465ee728b)
Start importing Assets/Epic Toon FX/Prefabs/Interactive/Zone/BasicZone/BasicZoneRed.prefab using Guid(c82022460ac6d274cb9e2aefc6da9dc9) Importer(815301076,1909f56bfc062723c751e8b465ee728b)  -> (artifact id: 'c385edaa460314a40d0be263b13f9e3f') in 0.057369 seconds 
========================================================================
Received Import Request.
  Time since last request: 0.000026 seconds.
  path: Assets/Epic Toon FX/Prefabs/Interactive/Zone/BasicZone/BasicZoneWhite.prefab
  artifactKey: Guid(22c40b612022044449a3cead95148403) Importer(815301076,1909f56bfc062723c751e8b465ee728b)
Start importing Assets/Epic Toon FX/Prefabs/Interactive/Zone/BasicZone/BasicZoneWhite.prefab using Guid(22c40b612022044449a3cead95148403) Importer(815301076,1909f56bfc062723c751e8b465ee728b)  -> (artifact id: 'ba3fd336ceff38cb849ad0e91ff2dacd') in 0.018857 seconds 
========================================================================
Received Import Request.
  Time since last request: 0.000022 seconds.
  path: Assets/LEGO/Prefabs/LEGO Models/Plants/Bamboo.prefab
  artifactKey: Guid(867b8f528b39f4a138438678aee738a7) Importer(815301076,1909f56bfc062723c751e8b465ee728b)
Start importing Assets/LEGO/Prefabs/LEGO Models/Plants/Bamboo.prefab using Guid(867b8f528b39f4a138438678aee738a7) Importer(815301076,1909f56bfc062723c751e8b465ee728b)  -> (artifact id: '8fc2e48ba4b0b51e6e8644133c16362f') in 0.108525 seconds 
========================================================================
Received Import Request.
  Time since last request: 0.000022 seconds.
  path: Assets/Epic Toon FX/Prefabs/Interactive/Zone/BasicZoneWall/BasicZoneWallBlue.prefab
  artifactKey: Guid(9bab66baa0e42da4588ea5cd25e4f37c) Importer(815301076,1909f56bfc062723c751e8b465ee728b)
Start importing Assets/Epic Toon FX/Prefabs/Interactive/Zone/BasicZoneWall/BasicZoneWallBlue.prefab using Guid(9bab66baa0e42da4588ea5cd25e4f37c) Importer(815301076,1909f56bfc062723c751e8b465ee728b)  -> (artifact id: 'b65891e59cf50d2d2beba400ec62f1ca') in 0.022735 seconds 
========================================================================
Received Import Request.
  Time since last request: 0.000022 seconds.
  path: Assets/Epic Toon FX/Prefabs/Combat/Blood/Red/BloodExplosionRoundAnimated.prefab
  artifactKey: Guid(01949c12a89de284792dc4b7b7128404) Importer(815301076,1909f56bfc062723c751e8b465ee728b)
Start importing Assets/Epic Toon FX/Prefabs/Combat/Blood/Red/BloodExplosionRoundAnimated.prefab using Guid(01949c12a89de284792dc4b7b7128404) Importer(815301076,1909f56bfc062723c751e8b465ee728b)  -> (artifact id: '9641b221109294dd8e1b467a03ec1661') in 0.043837 seconds 
========================================================================
Received Import Request.
  Time since last request: 0.000030 seconds.
  path: Assets/Epic Toon FX/Prefabs 2D/Blood/Red/BloodSplatCritical2D.prefab
  artifactKey: Guid(0ebcd60dd020022408e53f535d12f313) Importer(815301076,1909f56bfc062723c751e8b465ee728b)
Start importing Assets/Epic Toon FX/Prefabs 2D/Blood/Red/BloodSplatCritical2D.prefab using Guid(0ebcd60dd020022408e53f535d12f313) Importer(815301076,1909f56bfc062723c751e8b465ee728b)  -> (artifact id: '2f2e732a6b032cd20925759ed2efd909') in 0.035132 seconds 
========================================================================
Received Import Request.
  Time since last request: 0.000025 seconds.
  path: Assets/Epic Toon FX/Prefabs/Combat/Magic/Aura Soft/AuraSoftGreen.prefab
  artifactKey: Guid(e1a68788426acc04baef994710608ba7) Importer(815301076,1909f56bfc062723c751e8b465ee728b)
Start importing Assets/Epic Toon FX/Prefabs/Combat/Magic/Aura Soft/AuraSoftGreen.prefab using Guid(e1a68788426acc04baef994710608ba7) Importer(815301076,1909f56bfc062723c751e8b465ee728b)  -> (artifact id: 'ea0f208a5755c0c56f840c4e48014282') in 0.068774 seconds 
========================================================================
Received Import Request.
  Time since last request: 0.000025 seconds.
  path: Assets/Epic Toon FX/Prefabs 2D/Blood/Red/BloodExplosion2D.prefab
  artifactKey: Guid(617378de28fbaa64c96485d5b0d9169b) Importer(815301076,1909f56bfc062723c751e8b465ee728b)
Start importing Assets/Epic Toon FX/Prefabs 2D/Blood/Red/BloodExplosion2D.prefab using Guid(617378de28fbaa64c96485d5b0d9169b) Importer(815301076,1909f56bfc062723c751e8b465ee728b)  -> (artifact id: '67c73774b62661d31404f4d33f6aa75b') in 0.016785 seconds 
========================================================================
Received Import Request.
  Time since last request: 0.000022 seconds.
  path: Assets/Epic Toon FX/Prefabs/Combat/Magic/Aura Soft/AuraSoftBlue.prefab
  artifactKey: Guid(6561be0bdcabd634da8ca71c49c14153) Importer(815301076,1909f56bfc062723c751e8b465ee728b)
Start importing Assets/Epic Toon FX/Prefabs/Combat/Magic/Aura Soft/AuraSoftBlue.prefab using Guid(6561be0bdcabd634da8ca71c49c14153) Importer(815301076,1909f56bfc062723c751e8b465ee728b)  -> (artifact id: 'ad8b8d5038d75afb95a96844ecfa5f73') in 0.037601 seconds 
========================================================================
Received Import Request.
  Time since last request: 0.000021 seconds.
  path: Assets/Epic Toon FX/Prefabs/Combat/Decals/Bullet Decal/BulletDecalStone.prefab
  artifactKey: Guid(d519ad6ef8ea3cd4f9acf13f6646a601) Importer(815301076,1909f56bfc062723c751e8b465ee728b)
Start importing Assets/Epic Toon FX/Prefabs/Combat/Decals/Bullet Decal/BulletDecalStone.prefab using Guid(d519ad6ef8ea3cd4f9acf13f6646a601) Importer(815301076,1909f56bfc062723c751e8b465ee728b)  -> (artifact id: 'a67f7f4e6c1ba9bb5b306fafc21090b9') in 0.106401 seconds 
========================================================================
Received Import Request.
  Time since last request: 0.000030 seconds.
  path: Assets/Epic Toon FX/Prefabs/Combat/Blood/Red/BloodSplatCritical.prefab
  artifactKey: Guid(67a02ea392505844bab240611d904cc0) Importer(815301076,1909f56bfc062723c751e8b465ee728b)
Start importing Assets/Epic Toon FX/Prefabs/Combat/Blood/Red/BloodSplatCritical.prefab using Guid(67a02ea392505844bab240611d904cc0) Importer(815301076,1909f56bfc062723c751e8b465ee728b)  -> (artifact id: '587b4a428c18721c4192e6c1e7bd314c') in 0.020701 seconds 
========================================================================
Received Import Request.
  Time since last request: 0.000027 seconds.
  path: Assets/Epic Toon FX/Prefabs/Combat/Explosions/BulletExplosion/BulletExplosionFire.prefab
  artifactKey: Guid(c83fb3ef04bb383408bb2064b89690b2) Importer(815301076,1909f56bfc062723c751e8b465ee728b)
Start importing Assets/Epic Toon FX/Prefabs/Combat/Explosions/BulletExplosion/BulletExplosionFire.prefab using Guid(c83fb3ef04bb383408bb2064b89690b2) Importer(815301076,1909f56bfc062723c751e8b465ee728b)  -> (artifact id: '78c6cd4602bc47228ecfe6f87e0d759b') in 0.018845 seconds 
========================================================================
Received Import Request.
  Time since last request: 0.000026 seconds.
  path: Assets/Epic Toon FX/Prefabs/Environment/Weather/Wind & Leaves/BlowingLeaves.prefab
  artifactKey: Guid(a9bb5993776894d459f46527006acc6b) Importer(815301076,1909f56bfc062723c751e8b465ee728b)
Start importing Assets/Epic Toon FX/Prefabs/Environment/Weather/Wind & Leaves/BlowingLeaves.prefab using Guid(a9bb5993776894d459f46527006acc6b) Importer(815301076,1909f56bfc062723c751e8b465ee728b)  -> (artifact id: '9fb42a463ba11092b7211717c154c408') in 0.119565 seconds 
========================================================================
Received Import Request.
  Time since last request: 0.000035 seconds.
  path: Assets/Epic Toon FX/Prefabs/Combat/Explosions/BulletFatExplosion/BulletFatExplosionGreen.prefab
  artifactKey: Guid(1fe35c3ac77275e4d81bc09fcde78105) Importer(815301076,1909f56bfc062723c751e8b465ee728b)
Start importing Assets/Epic Toon FX/Prefabs/Combat/Explosions/BulletFatExplosion/BulletFatExplosionGreen.prefab using Guid(1fe35c3ac77275e4d81bc09fcde78105) Importer(815301076,1909f56bfc062723c751e8b465ee728b)  -> (artifact id: '52e5e9dfd1caf4ba50b96bb74bbd1a0b') in 0.022922 seconds 
========================================================================
Received Import Request.
  Time since last request: 0.000033 seconds.
  path: Assets/Epic Toon FX/Prefabs/Combat/Blood/Red/BloodSplatDirectionalAnimated.prefab
  artifactKey: Guid(120d855bc18f7fa4f8c46575d5629105) Importer(815301076,1909f56bfc062723c751e8b465ee728b)
Start importing Assets/Epic Toon FX/Prefabs/Combat/Blood/Red/BloodSplatDirectionalAnimated.prefab using Guid(120d855bc18f7fa4f8c46575d5629105) Importer(815301076,1909f56bfc062723c751e8b465ee728b)  -> (artifact id: '17c19736e4509a11bbe3396fdd45a0cf') in 0.090737 seconds 
========================================================================
Received Import Request.
  Time since last request: 0.000040 seconds.
  path: Assets/Epic Toon FX/Prefabs/Combat/Explosions/BulletFatExplosion/BulletFatExplosionFire.prefab
  artifactKey: Guid(71b02155078e4bf4e962f302d3675af2) Importer(815301076,1909f56bfc062723c751e8b465ee728b)
Start importing Assets/Epic Toon FX/Prefabs/Combat/Explosions/BulletFatExplosion/BulletFatExplosionFire.prefab using Guid(71b02155078e4bf4e962f302d3675af2) Importer(815301076,1909f56bfc062723c751e8b465ee728b)  -> (artifact id: '9b9528998f7be4f3b20ce3994ce286b8') in 0.022083 seconds 
========================================================================
Received Import Request.
  Time since last request: 0.000038 seconds.
  path: Assets/Epic Toon FX/Prefabs/Interactive/Zone/BasicZone/BasicZoneGreen.prefab
  artifactKey: Guid(087da436576d35542825d392925d79c4) Importer(815301076,1909f56bfc062723c751e8b465ee728b)
Start importing Assets/Epic Toon FX/Prefabs/Interactive/Zone/BasicZone/BasicZoneGreen.prefab using Guid(087da436576d35542825d392925d79c4) Importer(815301076,1909f56bfc062723c751e8b465ee728b)  -> (artifact id: 'f7d0ddc7525fdb4eed7dd3aea9900db6') in 0.044367 seconds 
========================================================================
Received Import Request.
  Time since last request: 0.000026 seconds.
  path: Assets/LEGO/Prefabs/LEGO Projectiles/Arrow.prefab
  artifactKey: Guid(054cfbc98691e4a7f87913e2bf62d522) Importer(815301076,1909f56bfc062723c751e8b465ee728b)
Start importing Assets/LEGO/Prefabs/LEGO Projectiles/Arrow.prefab using Guid(054cfbc98691e4a7f87913e2bf62d522) Importer(815301076,1909f56bfc062723c751e8b465ee728b)  -> (artifact id: 'dcbd8acb42039af5be0a331b37d327dd') in 0.040158 seconds 
========================================================================
Received Import Request.
  Time since last request: 0.000030 seconds.
  path: Assets/Epic Toon FX/Prefabs/Combat/BombFuse/BombFuse.prefab
  artifactKey: Guid(0b4ea991852d6984aab98759fa8d4ebb) Importer(815301076,1909f56bfc062723c751e8b465ee728b)
Start importing Assets/Epic Toon FX/Prefabs/Combat/BombFuse/BombFuse.prefab using Guid(0b4ea991852d6984aab98759fa8d4ebb) Importer(815301076,1909f56bfc062723c751e8b465ee728b)  -> (artifact id: '8530d4d8cb361bc4c0aa3689c869ab6b') in 0.026000 seconds 
========================================================================
Received Import Request.
  Time since last request: 0.000032 seconds.
  path: Assets/LEGO Data/Geometry/New/LOD0/6143 Modified Decoration Surfaces.fbx
  artifactKey: Guid(1d89ef8d9c9d3411f927b93a04cff9a1) Importer(815301076,1909f56bfc062723c751e8b465ee728b)
Start importing Assets/LEGO Data/Geometry/New/LOD0/6143 Modified Decoration Surfaces.fbx using Guid(1d89ef8d9c9d3411f927b93a04cff9a1) Importer(815301076,1909f56bfc062723c751e8b465ee728b)  -> (artifact id: '3126e57c25a6d5f7b398826df8298183') in 1.169161 seconds 
========================================================================
Received Import Request.
  Time since last request: 0.000024 seconds.
  path: Assets/Epic Toon FX/Demo/Missile Prefabs/Laser/LaserGreenOBJ.prefab
  artifactKey: Guid(0eb4627efbccf234dbfeb66c7ed0fde2) Importer(815301076,1909f56bfc062723c751e8b465ee728b)
Start importing Assets/Epic Toon FX/Demo/Missile Prefabs/Laser/LaserGreenOBJ.prefab using Guid(0eb4627efbccf234dbfeb66c7ed0fde2) Importer(815301076,1909f56bfc062723c751e8b465ee728b)  -> (artifact id: '0a0057b34a62bb7f895ebe5fc8d257b7') in 0.067459 seconds 
========================================================================
Received Import Request.
  Time since last request: 0.000034 seconds.
  path: Assets/Epic Toon FX/Demo/Missile Prefabs/MagicSoft/MagicSoftGreenOBJ.prefab
  artifactKey: Guid(7f3662b97df212c40a797a4e8b92866f) Importer(815301076,1909f56bfc062723c751e8b465ee728b)
Start importing Assets/Epic Toon FX/Demo/Missile Prefabs/MagicSoft/MagicSoftGreenOBJ.prefab using Guid(7f3662b97df212c40a797a4e8b92866f) Importer(815301076,1909f56bfc062723c751e8b465ee728b)  -> (artifact id: '34e361e71579541e22a64e350847b572') in 0.100601 seconds 
========================================================================
Received Import Request.
  Time since last request: 0.000024 seconds.
  path: Assets/Epic Toon FX/Demo/Missile Prefabs/Lightning/LightningBlueOBJ.prefab
  artifactKey: Guid(c381319d1b39d9e4da9530bd4d30d365) Importer(815301076,1909f56bfc062723c751e8b465ee728b)
Start importing Assets/Epic Toon FX/Demo/Missile Prefabs/Lightning/LightningBlueOBJ.prefab using Guid(c381319d1b39d9e4da9530bd4d30d365) Importer(815301076,1909f56bfc062723c751e8b465ee728b)  -> (artifact id: 'eb08cf911686658339e4d4b3827d4d54') in 0.089188 seconds 
========================================================================
Received Import Request.
  Time since last request: 0.000034 seconds.
  path: Assets/Epic Toon FX/Demo/Missile Prefabs/Magic/MagicPinkOBJ.prefab
  artifactKey: Guid(6ab24dea224d8b842ae316347b4a4e3a) Importer(815301076,1909f56bfc062723c751e8b465ee728b)
Start importing Assets/Epic Toon FX/Demo/Missile Prefabs/Magic/MagicPinkOBJ.prefab using Guid(6ab24dea224d8b842ae316347b4a4e3a) Importer(815301076,1909f56bfc062723c751e8b465ee728b)  -> (artifact id: '445bd7b01b473ac096bbcc412708f81d') in 0.099122 seconds 
========================================================================
Received Import Request.
  Time since last request: 0.000034 seconds.
  path: Assets/Epic Toon FX/Demo/Missile Prefabs/Fireball/FireBallGreenOBJ.prefab
  artifactKey: Guid(4d08b1ddf88c65a4facd913e932ec5f8) Importer(815301076,1909f56bfc062723c751e8b465ee728b)
Start importing Assets/Epic Toon FX/Demo/Missile Prefabs/Fireball/FireBallGreenOBJ.prefab using Guid(4d08b1ddf88c65a4facd913e932ec5f8) Importer(815301076,1909f56bfc062723c751e8b465ee728b)  -> (artifact id: '9eb2b0117e0287ae5f888ea90c9f1f55') in 0.107193 seconds 
========================================================================
Received Import Request.
  Time since last request: 0.000040 seconds.
  path: Assets/LEGO Data/Geometry/CommonParts/LOD0/knob_01_D.fbx
  artifactKey: Guid(e0a965e6a717448faa6401885547b520) Importer(815301076,1909f56bfc062723c751e8b465ee728b)
Start importing Assets/LEGO Data/Geometry/CommonParts/LOD0/knob_01_D.fbx using Guid(e0a965e6a717448faa6401885547b520) Importer(815301076,1909f56bfc062723c751e8b465ee728b)  -> (artifact id: '1811845ea591a5c23c108f020d499fb8') in 0.046159 seconds 
========================================================================
Received Import Request.
  Time since last request: 0.000027 seconds.
  path: Assets/LEGO Data/Geometry/CommonParts/LOD0/knob_02_P.fbx
  artifactKey: Guid(7eb29070219eb4fa4b0ac464fd1873a7) Importer(815301076,1909f56bfc062723c751e8b465ee728b)
Start importing Assets/LEGO Data/Geometry/CommonParts/LOD0/knob_02_P.fbx using Guid(7eb29070219eb4fa4b0ac464fd1873a7) Importer(815301076,1909f56bfc062723c751e8b465ee728b)  -> (artifact id: '8d52e5ddccedc3eda3c1da19f9050c46') in 0.098389 seconds 
========================================================================
Received Import Request.
  Time since last request: 0.000027 seconds.
  path: Assets/Epic Toon FX/Demo/Missile Prefabs/Liquid/LiquidWaterOBJ.prefab
  artifactKey: Guid(bcfe4e1b5613125409a92786841ac64e) Importer(815301076,1909f56bfc062723c751e8b465ee728b)
Start importing Assets/Epic Toon FX/Demo/Missile Prefabs/Liquid/LiquidWaterOBJ.prefab using Guid(bcfe4e1b5613125409a92786841ac64e) Importer(815301076,1909f56bfc062723c751e8b465ee728b)  -> (artifact id: '281b93a2e1d518123d7b621468b72677') in 0.087077 seconds 
========================================================================
Received Import Request.
  Time since last request: 0.000038 seconds.
  path: Assets/Epic Toon FX/Demo/Missile Prefabs/Bullet/BulletSmallFireOBJ.prefab
  artifactKey: Guid(471bfc037c6513e4b9e7315cb799c944) Importer(815301076,1909f56bfc062723c751e8b465ee728b)
Start importing Assets/Epic Toon FX/Demo/Missile Prefabs/Bullet/BulletSmallFireOBJ.prefab using Guid(471bfc037c6513e4b9e7315cb799c944) Importer(815301076,1909f56bfc062723c751e8b465ee728b)  -> (artifact id: '353b6c84cf6260c0d667a03da7b94f05') in 0.048863 seconds 
========================================================================
Received Import Request.
  Time since last request: 0.000042 seconds.
  path: Assets/Epic Toon FX/Demo/Missile Prefabs/Mystic/MysticOrangeOBJ.prefab
  artifactKey: Guid(9dd6a2d88022f634baffb79312de9f06) Importer(815301076,1909f56bfc062723c751e8b465ee728b)
Start importing Assets/Epic Toon FX/Demo/Missile Prefabs/Mystic/MysticOrangeOBJ.prefab using Guid(9dd6a2d88022f634baffb79312de9f06) Importer(815301076,1909f56bfc062723c751e8b465ee728b)  -> (artifact id: '7ec06b7e388dec65b92687d31a182a1c') in 0.077182 seconds 
========================================================================
Received Import Request.
  Time since last request: 0.000032 seconds.
  path: Assets/Epic Toon FX/Demo/Missile Prefabs/BulletFat/BulletFatGreenOBJ.prefab
  artifactKey: Guid(8ac4879dc3d888148a236c3ab19fdec1) Importer(815301076,1909f56bfc062723c751e8b465ee728b)
Start importing Assets/Epic Toon FX/Demo/Missile Prefabs/BulletFat/BulletFatGreenOBJ.prefab using Guid(8ac4879dc3d888148a236c3ab19fdec1) Importer(815301076,1909f56bfc062723c751e8b465ee728b)  -> (artifact id: '463bd229025a4a6c9d6488ba94e7a818') in 0.054976 seconds 
========================================================================
Received Import Request.
  Time since last request: 0.000038 seconds.
  path: Assets/Epic Toon FX/Demo/Missile Prefabs/Magic/MagicGreenOBJ.prefab
  artifactKey: Guid(4509c83b4be6c454a910af1911c902a2) Importer(815301076,1909f56bfc062723c751e8b465ee728b)
Start importing Assets/Epic Toon FX/Demo/Missile Prefabs/Magic/MagicGreenOBJ.prefab using Guid(4509c83b4be6c454a910af1911c902a2) Importer(815301076,1909f56bfc062723c751e8b465ee728b)  -> (artifact id: '3aa1b30d9934a253bb28b2c1135bf36f') in 0.073865 seconds 
========================================================================
Received Import Request.
  Time since last request: 0.000051 seconds.
  path: Assets/Epic Toon FX/Demo/Missile Prefabs/Laser/LaserPinkOBJ.prefab
  artifactKey: Guid(29b23c6bc2854a44cbd9071c3aa3f52f) Importer(815301076,1909f56bfc062723c751e8b465ee728b)
Start importing Assets/Epic Toon FX/Demo/Missile Prefabs/Laser/LaserPinkOBJ.prefab using Guid(29b23c6bc2854a44cbd9071c3aa3f52f) Importer(815301076,1909f56bfc062723c751e8b465ee728b)  -> (artifact id: '480ac9c898d56805b9c34cfe4521d807') in 0.161545 seconds 
========================================================================
Received Import Request.
  Time since last request: 0.000046 seconds.
  path: Assets/Epic Toon FX/Demo/Missile Prefabs/MagicSoft/MagicSoftBlueOBJ.prefab
  artifactKey: Guid(d1952661920b70841858fc1009c6cfaa) Importer(815301076,1909f56bfc062723c751e8b465ee728b)
Start importing Assets/Epic Toon FX/Demo/Missile Prefabs/MagicSoft/MagicSoftBlueOBJ.prefab using Guid(d1952661920b70841858fc1009c6cfaa) Importer(815301076,1909f56bfc062723c751e8b465ee728b)  -> (artifact id: '1a510a637a4c08e1eb6374354f6ab4ca') in 0.100540 seconds 
========================================================================
Received Import Request.
  Time since last request: 0.000030 seconds.
  path: Assets/LEGO Data/Geometry/CommonParts/LOD0/knob_02_PC.fbx
  artifactKey: Guid(b2b6acd5079494b20a81c53caab98e2d) Importer(815301076,1909f56bfc062723c751e8b465ee728b)
Start importing Assets/LEGO Data/Geometry/CommonParts/LOD0/knob_02_PC.fbx using Guid(b2b6acd5079494b20a81c53caab98e2d) Importer(815301076,1909f56bfc062723c751e8b465ee728b)  -> (artifact id: '7b44550ad9cf9f0e853e057050e51c37') in 0.034081 seconds 
========================================================================
Received Import Request.
  Time since last request: 0.000039 seconds.
  path: Assets/Epic Toon FX/Demo/Missile Prefabs/Mystic/MysticGreenOBJ.prefab
  artifactKey: Guid(6be91826c324357478d82fa9c3c25a84) Importer(815301076,1909f56bfc062723c751e8b465ee728b)
Start importing Assets/Epic Toon FX/Demo/Missile Prefabs/Mystic/MysticGreenOBJ.prefab using Guid(6be91826c324357478d82fa9c3c25a84) Importer(815301076,1909f56bfc062723c751e8b465ee728b)  -> (artifact id: '8f82564ad64fb4686ae617bd0517a3b8') in 0.088966 seconds 
========================================================================
Received Import Request.
  Time since last request: 0.000050 seconds.
  path: Assets/Epic Toon FX/Demo/Missile Prefabs/Fireball/FireBallBlueOBJ.prefab
  artifactKey: Guid(6b683a168b8b6614d95f9030dd0392f8) Importer(815301076,1909f56bfc062723c751e8b465ee728b)
Start importing Assets/Epic Toon FX/Demo/Missile Prefabs/Fireball/FireBallBlueOBJ.prefab using Guid(6b683a168b8b6614d95f9030dd0392f8) Importer(815301076,1909f56bfc062723c751e8b465ee728b)  -> (artifact id: 'cff1613d0f593cbfece459f24d9d9603') in 0.071826 seconds 
========================================================================
Received Import Request.
  Time since last request: 0.000046 seconds.
  path: Assets/Epic Toon FX/Demo/Missile Prefabs/Magic/MagicBlueOBJ.prefab
  artifactKey: Guid(fd74df59b2e756442a2fdf0ddd436bf9) Importer(815301076,1909f56bfc062723c751e8b465ee728b)
Start importing Assets/Epic Toon FX/Demo/Missile Prefabs/Magic/MagicBlueOBJ.prefab using Guid(fd74df59b2e756442a2fdf0ddd436bf9) Importer(815301076,1909f56bfc062723c751e8b465ee728b)  -> (artifact id: '2df5cee639d27d95c844af3a80c1463a') in 0.075000 seconds 
========================================================================
Received Import Request.
  Time since last request: 0.000048 seconds.
  path: Assets/Epic Toon FX/Demo/Missile Prefabs/Fireball/FireBallFireOBJ.prefab
  artifactKey: Guid(a99a57cf3a7bacc479881d230e99afc3) Importer(815301076,1909f56bfc062723c751e8b465ee728b)
Start importing Assets/Epic Toon FX/Demo/Missile Prefabs/Fireball/FireBallFireOBJ.prefab using Guid(a99a57cf3a7bacc479881d230e99afc3) Importer(815301076,1909f56bfc062723c751e8b465ee728b)  -> (artifact id: 'e84ab4c8e376c5f8e9191b937c584bfc') in 0.067802 seconds 
========================================================================
Received Import Request.
  Time since last request: 0.000041 seconds.
  path: Assets/Epic Toon FX/Demo/Missile Prefabs/Gas/GasBlueOBJ.prefab
  artifactKey: Guid(60af2662f56fe6a43aeb8d7c5e7c4f36) Importer(815301076,1909f56bfc062723c751e8b465ee728b)
Start importing Assets/Epic Toon FX/Demo/Missile Prefabs/Gas/GasBlueOBJ.prefab using Guid(60af2662f56fe6a43aeb8d7c5e7c4f36) Importer(815301076,1909f56bfc062723c751e8b465ee728b)  -> (artifact id: '26717faa3c73c42d1eab243d4f07713f') in 0.072988 seconds 
========================================================================
Received Import Request.
  Time since last request: 0.000038 seconds.
  path: Assets/Epic Toon FX/Demo/Missile Prefabs/Grenade/GrenadePinkOBJ.prefab
  artifactKey: Guid(89fa81ed061e48748baac7915f31e486) Importer(815301076,1909f56bfc062723c751e8b465ee728b)
Start importing Assets/Epic Toon FX/Demo/Missile Prefabs/Grenade/GrenadePinkOBJ.prefab using Guid(89fa81ed061e48748baac7915f31e486) Importer(815301076,1909f56bfc062723c751e8b465ee728b)  -> (artifact id: '7776e38e5f0973ed7921378fa1efe382') in 0.471589 seconds 
========================================================================
Received Import Request.
  Time since last request: 0.000050 seconds.
  path: Assets/Epic Toon FX/Demo/Missile Prefabs/Laser/LaserFireOBJ.prefab
  artifactKey: Guid(e7e149d4ac300df4b9330dac71c9fe9b) Importer(815301076,1909f56bfc062723c751e8b465ee728b)
Start importing Assets/Epic Toon FX/Demo/Missile Prefabs/Laser/LaserFireOBJ.prefab using Guid(e7e149d4ac300df4b9330dac71c9fe9b) Importer(815301076,1909f56bfc062723c751e8b465ee728b)  -> (artifact id: 'd1bfc871cf67f870714e4b4b47f5ae32') in 0.069693 seconds 
========================================================================
Received Import Request.
  Time since last request: 0.000032 seconds.
  path: Assets/Epic Toon FX/Prefabs/Interactive/Emojis/EmojiDisappointed.prefab
  artifactKey: Guid(f3a078e53333c434e93d5282b3c524c6) Importer(815301076,1909f56bfc062723c751e8b465ee728b)
Start importing Assets/Epic Toon FX/Prefabs/Interactive/Emojis/EmojiDisappointed.prefab using Guid(f3a078e53333c434e93d5282b3c524c6) Importer(815301076,1909f56bfc062723c751e8b465ee728b)  -> (artifact id: 'a25dc4e13c121f0c1518b795e0f7ecf4') in 0.119107 seconds 
========================================================================
Received Import Request.
  Time since last request: 0.000032 seconds.
  path: Assets/Epic Toon FX/Prefabs/Interactive/Powerups/PowerupActivate/PowerupActivateBlue.prefab
  artifactKey: Guid(0a9aa7cbab47dd34fad18af6ec82969d) Importer(815301076,1909f56bfc062723c751e8b465ee728b)
Start importing Assets/Epic Toon FX/Prefabs/Interactive/Powerups/PowerupActivate/PowerupActivateBlue.prefab using Guid(0a9aa7cbab47dd34fad18af6ec82969d) Importer(815301076,1909f56bfc062723c751e8b465ee728b)  -> (artifact id: 'a5bcd18c0ecf50a27bf2a25a7d5a36dc') in 0.024064 seconds 
========================================================================
Received Import Request.
  Time since last request: 0.000033 seconds.
  path: Assets/Epic Toon FX/Prefabs/Combat/Text/KaPow.prefab
  artifactKey: Guid(30a1ca85182ce3e439e8d6cb843ab9ad) Importer(815301076,1909f56bfc062723c751e8b465ee728b)
Start importing Assets/Epic Toon FX/Prefabs/Combat/Text/KaPow.prefab using Guid(30a1ca85182ce3e439e8d6cb843ab9ad) Importer(815301076,1909f56bfc062723c751e8b465ee728b)  -> (artifact id: '65df60103fad6c28cfafbefbdf5d73fa') in 0.113348 seconds 
========================================================================
Received Prepare
Registering precompiled user dll's ...
Registered in 0.006878 seconds.
Begin MonoManager ReloadAssembly
Symbol file LoadedFromMemory doesn't match image D:\514569\Unity\Year2\LEGO\LEGOScroogeGame\Library\PackageCache\com.unity.visualscripting@1.7.8\Editor\VisualScripting.Core\Dependencies\YamlDotNet\Unity.VisualScripting.YamlDotNet.dll
Symbol file LoadedFromMemory doesn't match image D:\514569\Unity\Year2\LEGO\LEGOScroogeGame\Library\PackageCache\com.unity.visualscripting@1.7.8\Editor\VisualScripting.Core\Dependencies\DotNetZip\Unity.VisualScripting.IonicZip.dll
Native extension for UWP target not found
Native extension for LinuxStandalone target not found
Native extension for WindowsStandalone target not found
Native extension for AppleTV target not found
Native extension for iOS target not found
Native extension for Android target not found
Native extension for OSXStandalone target not found
Native extension for WebGL target not found
Refreshing native plugins compatible for Editor in 1.71 ms, found 3 plugins.
Preloading 0 native plugins for Editor in 0.00 ms.
Mono: successfully reloaded assembly
- Completed reload, in  1.349 seconds
Domain Reload Profiling:
	ReloadAssembly (1350ms)
		BeginReloadAssembly (167ms)
			ExecutionOrderSort (0ms)
			DisableScriptedObjects (7ms)
			BackupInstance (0ms)
			ReleaseScriptingObjects (0ms)
			CreateAndSetChildDomain (53ms)
		EndReloadAssembly (1078ms)
			LoadAssemblies (110ms)
			RebuildTransferFunctionScriptingTraits (0ms)
			SetupTypeCache (293ms)
				TypeCache.Initialize (280ms)
					TypeCache.ScanAssembly (273ms)
				ResolveRequiredComponents (13ms)
			ReleaseScriptCaches (2ms)
			RebuildScriptCaches (50ms)
			SetupLoadedEditorAssemblies (563ms)
				LogAssemblyErrors (0ms)
				InitializePlatformSupportModulesInManaged (59ms)
				SetLoadedEditorAssemblies (6ms)
				RefreshPlugins (2ms)
				BeforeProcessingInitializeOnLoad (107ms)
				ProcessInitializeOnLoadAttributes (291ms)
				ProcessInitializeOnLoadMethodAttributes (81ms)
				AfterProcessingInitializeOnLoad (17ms)
				EditorAssembliesLoaded (0ms)
			ExecutionOrderSort2 (0ms)
			AwakeInstancesAfterBackupRestoration (10ms)
Platform modules already initialized, skipping
Refreshing native plugins compatible for Editor in 5.14 ms, found 3 plugins.
Preloading 0 native plugins for Editor in 0.00 ms.
Unloading 5732 Unused Serialized files (Serialized files now loaded: 0)
Unloading 40 unused Assets / (1.6 MB). Loaded Objects now: 6412.
Memory consumption went from 0.90 GB to 0.90 GB.
Total: 7.211800 ms (FindLiveObjects: 0.856000 ms CreateObjectMapping: 0.313900 ms MarkObjects: 5.489400 ms  DeleteObjects: 0.550900 ms)

AssetImportParameters requested are different than current active one (requested -> active):
  custom:video-decoder-ogg-theora: a1e56fd34408186e4bbccfd4996cb3dc -> 
  custom:container-muxer-webm: aa71ff27fc2769a1b78a27578f13a17b -> 
  custom:container-demuxer-webm: 4f35f7cbe854078d1ac9338744f61a02 -> 
  custom:video-encoder-webm-vp8: eb34c28f22e8b96e1ab97ce403110664 -> 
  custom:audio-encoder-webm-vorbis: bf7c407c2cedff20999df2af8eb42d56 -> 
  custom:framework-win-MediaFoundation: 216162199b28c13a410421893ffa2e32 -> 
  custom:container-demuxer-ogg: 62fdf1f143b41e24485cea50d1cbac27 -> 
  custom:video-decoder-webm-vp8: 9c59270c3fd7afecdb556c50c9e8de78 -> 
  custom:audio-decoder-ogg-vorbis: bf7c407c2cedff20999df2af8eb42d56 -> 
========================================================================
Received Prepare
Registering precompiled user dll's ...
Registered in 0.005274 seconds.
Begin MonoManager ReloadAssembly
Symbol file LoadedFromMemory doesn't match image D:\514569\Unity\Year2\LEGO\LEGOScroogeGame\Library\PackageCache\com.unity.visualscripting@1.7.8\Editor\VisualScripting.Core\Dependencies\YamlDotNet\Unity.VisualScripting.YamlDotNet.dll
Symbol file LoadedFromMemory doesn't match image D:\514569\Unity\Year2\LEGO\LEGOScroogeGame\Library\PackageCache\com.unity.visualscripting@1.7.8\Editor\VisualScripting.Core\Dependencies\DotNetZip\Unity.VisualScripting.IonicZip.dll
Native extension for UWP target not found
Native extension for LinuxStandalone target not found
Native extension for WindowsStandalone target not found
Native extension for AppleTV target not found
Native extension for iOS target not found
Native extension for Android target not found
Native extension for OSXStandalone target not found
Native extension for WebGL target not found
Refreshing native plugins compatible for Editor in 2.34 ms, found 3 plugins.
Preloading 0 native plugins for Editor in 0.00 ms.
Mono: successfully reloaded assembly
- Completed reload, in  1.768 seconds
Domain Reload Profiling:
	ReloadAssembly (1769ms)
		BeginReloadAssembly (155ms)
			ExecutionOrderSort (0ms)
			DisableScriptedObjects (4ms)
			BackupInstance (0ms)
			ReleaseScriptingObjects (0ms)
			CreateAndSetChildDomain (47ms)
		EndReloadAssembly (1414ms)
			LoadAssemblies (115ms)
			RebuildTransferFunctionScriptingTraits (0ms)
			SetupTypeCache (510ms)
				TypeCache.Initialize (494ms)
					TypeCache.ScanAssembly (488ms)
				ResolveRequiredComponents (15ms)
			ReleaseScriptCaches (2ms)
			RebuildScriptCaches (52ms)
			SetupLoadedEditorAssemblies (643ms)
				LogAssemblyErrors (0ms)
				InitializePlatformSupportModulesInManaged (46ms)
				SetLoadedEditorAssemblies (6ms)
				RefreshPlugins (2ms)
				BeforeProcessingInitializeOnLoad (104ms)
				ProcessInitializeOnLoadAttributes (391ms)
				ProcessInitializeOnLoadMethodAttributes (79ms)
				AfterProcessingInitializeOnLoad (16ms)
				EditorAssembliesLoaded (0ms)
			ExecutionOrderSort2 (0ms)
			AwakeInstancesAfterBackupRestoration (11ms)
Platform modules already initialized, skipping
Refreshing native plugins compatible for Editor in 4.03 ms, found 3 plugins.
Preloading 0 native plugins for Editor in 0.00 ms.
Unloading 5732 Unused Serialized files (Serialized files now loaded: 0)
Unloading 39 unused Assets / (1.6 MB). Loaded Objects now: 6428.
Memory consumption went from 0.90 GB to 0.90 GB.
Total: 4.434700 ms (FindLiveObjects: 0.566600 ms CreateObjectMapping: 0.159900 ms MarkObjects: 3.290700 ms  DeleteObjects: 0.416600 ms)

AssetImportParameters requested are different than current active one (requested -> active):
  custom:video-decoder-ogg-theora: a1e56fd34408186e4bbccfd4996cb3dc -> 
  custom:container-muxer-webm: aa71ff27fc2769a1b78a27578f13a17b -> 
  custom:container-demuxer-webm: 4f35f7cbe854078d1ac9338744f61a02 -> 
  custom:video-encoder-webm-vp8: eb34c28f22e8b96e1ab97ce403110664 -> 
  custom:audio-encoder-webm-vorbis: bf7c407c2cedff20999df2af8eb42d56 -> 
  custom:framework-win-MediaFoundation: 216162199b28c13a410421893ffa2e32 -> 
  custom:container-demuxer-ogg: 62fdf1f143b41e24485cea50d1cbac27 -> 
  custom:video-decoder-webm-vp8: 9c59270c3fd7afecdb556c50c9e8de78 -> 
  custom:audio-decoder-ogg-vorbis: bf7c407c2cedff20999df2af8eb42d56 -> 
========================================================================
Received Prepare
Registering precompiled user dll's ...
Registered in 0.005201 seconds.
Begin MonoManager ReloadAssembly
Symbol file LoadedFromMemory doesn't match image D:\514569\Unity\Year2\LEGO\LEGOScroogeGame\Library\PackageCache\com.unity.visualscripting@1.7.8\Editor\VisualScripting.Core\Dependencies\YamlDotNet\Unity.VisualScripting.YamlDotNet.dll
Symbol file LoadedFromMemory doesn't match image D:\514569\Unity\Year2\LEGO\LEGOScroogeGame\Library\PackageCache\com.unity.visualscripting@1.7.8\Editor\VisualScripting.Core\Dependencies\DotNetZip\Unity.VisualScripting.IonicZip.dll
Native extension for UWP target not found
Native extension for LinuxStandalone target not found
Native extension for WindowsStandalone target not found
Native extension for AppleTV target not found
Native extension for iOS target not found
Native extension for Android target not found
Native extension for OSXStandalone target not found
Native extension for WebGL target not found
Refreshing native plugins compatible for Editor in 1.96 ms, found 3 plugins.
Preloading 0 native plugins for Editor in 0.00 ms.
Mono: successfully reloaded assembly
- Completed reload, in  1.273 seconds
Domain Reload Profiling:
	ReloadAssembly (1273ms)
		BeginReloadAssembly (152ms)
			ExecutionOrderSort (0ms)
			DisableScriptedObjects (4ms)
			BackupInstance (0ms)
			ReleaseScriptingObjects (0ms)
			CreateAndSetChildDomain (48ms)
		EndReloadAssembly (1023ms)
			LoadAssemblies (104ms)
			RebuildTransferFunctionScriptingTraits (0ms)
			SetupTypeCache (275ms)
				TypeCache.Initialize (262ms)
					TypeCache.ScanAssembly (256ms)
				ResolveRequiredComponents (13ms)
			ReleaseScriptCaches (2ms)
			RebuildScriptCaches (49ms)
			SetupLoadedEditorAssemblies (531ms)
				LogAssemblyErrors (0ms)
				InitializePlatformSupportModulesInManaged (47ms)
				SetLoadedEditorAssemblies (5ms)
				RefreshPlugins (2ms)
				BeforeProcessingInitializeOnLoad (96ms)
				ProcessInitializeOnLoadAttributes (295ms)
				ProcessInitializeOnLoadMethodAttributes (72ms)
				AfterProcessingInitializeOnLoad (14ms)
				EditorAssembliesLoaded (0ms)
			ExecutionOrderSort2 (0ms)
			AwakeInstancesAfterBackupRestoration (12ms)
Platform modules already initialized, skipping
Refreshing native plugins compatible for Editor in 4.14 ms, found 3 plugins.
Preloading 0 native plugins for Editor in 0.00 ms.
Unloading 5732 Unused Serialized files (Serialized files now loaded: 0)
Unloading 39 unused Assets / (1.6 MB). Loaded Objects now: 6444.
Memory consumption went from 0.90 GB to 0.90 GB.
Total: 5.779300 ms (FindLiveObjects: 0.925200 ms CreateObjectMapping: 0.218100 ms MarkObjects: 4.192700 ms  DeleteObjects: 0.441900 ms)

AssetImportParameters requested are different than current active one (requested -> active):
  custom:video-decoder-ogg-theora: a1e56fd34408186e4bbccfd4996cb3dc -> 
  custom:container-muxer-webm: aa71ff27fc2769a1b78a27578f13a17b -> 
  custom:container-demuxer-webm: 4f35f7cbe854078d1ac9338744f61a02 -> 
  custom:video-encoder-webm-vp8: eb34c28f22e8b96e1ab97ce403110664 -> 
  custom:audio-encoder-webm-vorbis: bf7c407c2cedff20999df2af8eb42d56 -> 
  custom:framework-win-MediaFoundation: 216162199b28c13a410421893ffa2e32 -> 
  custom:container-demuxer-ogg: 62fdf1f143b41e24485cea50d1cbac27 -> 
  custom:video-decoder-webm-vp8: 9c59270c3fd7afecdb556c50c9e8de78 -> 
  custom:audio-decoder-ogg-vorbis: bf7c407c2cedff20999df2af8eb42d56 -> 
========================================================================
Received Prepare
Registering precompiled user dll's ...
Registered in 0.005248 seconds.
Begin MonoManager ReloadAssembly
Symbol file LoadedFromMemory doesn't match image D:\514569\Unity\Year2\LEGO\LEGOScroogeGame\Library\PackageCache\com.unity.visualscripting@1.7.8\Editor\VisualScripting.Core\Dependencies\YamlDotNet\Unity.VisualScripting.YamlDotNet.dll
Symbol file LoadedFromMemory doesn't match image D:\514569\Unity\Year2\LEGO\LEGOScroogeGame\Library\PackageCache\com.unity.visualscripting@1.7.8\Editor\VisualScripting.Core\Dependencies\DotNetZip\Unity.VisualScripting.IonicZip.dll
Native extension for UWP target not found
Native extension for LinuxStandalone target not found
Native extension for WindowsStandalone target not found
Native extension for AppleTV target not found
Native extension for iOS target not found
Native extension for Android target not found
Native extension for OSXStandalone target not found
Native extension for WebGL target not found
Refreshing native plugins compatible for Editor in 2.49 ms, found 3 plugins.
Preloading 0 native plugins for Editor in 0.00 ms.
Mono: successfully reloaded assembly
- Completed reload, in  1.270 seconds
Domain Reload Profiling:
	ReloadAssembly (1271ms)
		BeginReloadAssembly (152ms)
			ExecutionOrderSort (0ms)
			DisableScriptedObjects (4ms)
			BackupInstance (0ms)
			ReleaseScriptingObjects (0ms)
			CreateAndSetChildDomain (43ms)
		EndReloadAssembly (1019ms)
			LoadAssemblies (108ms)
			RebuildTransferFunctionScriptingTraits (0ms)
			SetupTypeCache (268ms)
				TypeCache.Initialize (255ms)
					TypeCache.ScanAssembly (250ms)
				ResolveRequiredComponents (12ms)
			ReleaseScriptCaches (2ms)
			RebuildScriptCaches (57ms)
			SetupLoadedEditorAssemblies (536ms)
				LogAssemblyErrors (0ms)
				InitializePlatformSupportModulesInManaged (45ms)
				SetLoadedEditorAssemblies (5ms)
				RefreshPlugins (3ms)
				BeforeProcessingInitializeOnLoad (97ms)
				ProcessInitializeOnLoadAttributes (296ms)
				ProcessInitializeOnLoadMethodAttributes (76ms)
				AfterProcessingInitializeOnLoad (14ms)
				EditorAssembliesLoaded (0ms)
			ExecutionOrderSort2 (0ms)
			AwakeInstancesAfterBackupRestoration (10ms)
Platform modules already initialized, skipping
Refreshing native plugins compatible for Editor in 4.38 ms, found 3 plugins.
Preloading 0 native plugins for Editor in 0.00 ms.
Unloading 5732 Unused Serialized files (Serialized files now loaded: 0)
Unloading 39 unused Assets / (1.6 MB). Loaded Objects now: 6460.
Memory consumption went from 0.90 GB to 0.90 GB.
Total: 5.824700 ms (FindLiveObjects: 0.849300 ms CreateObjectMapping: 0.153000 ms MarkObjects: 4.155800 ms  DeleteObjects: 0.665000 ms)

AssetImportParameters requested are different than current active one (requested -> active):
  custom:video-decoder-ogg-theora: a1e56fd34408186e4bbccfd4996cb3dc -> 
  custom:container-muxer-webm: aa71ff27fc2769a1b78a27578f13a17b -> 
  custom:container-demuxer-webm: 4f35f7cbe854078d1ac9338744f61a02 -> 
  custom:video-encoder-webm-vp8: eb34c28f22e8b96e1ab97ce403110664 -> 
  custom:audio-encoder-webm-vorbis: bf7c407c2cedff20999df2af8eb42d56 -> 
  custom:framework-win-MediaFoundation: 216162199b28c13a410421893ffa2e32 -> 
  custom:container-demuxer-ogg: 62fdf1f143b41e24485cea50d1cbac27 -> 
  custom:video-decoder-webm-vp8: 9c59270c3fd7afecdb556c50c9e8de78 -> 
  custom:audio-decoder-ogg-vorbis: bf7c407c2cedff20999df2af8eb42d56 -> 
========================================================================
Received Import Request.
  Time since last request: 384.654521 seconds.
  path: Assets/LEGO/Prefabs/LEGO Behaviour Bricks/Alive.prefab
  artifactKey: Guid(14c411293fa3844dda7a44a1e006eb6c) Importer(815301076,1909f56bfc062723c751e8b465ee728b)
Start importing Assets/LEGO/Prefabs/LEGO Behaviour Bricks/Alive.prefab using Guid(14c411293fa3844dda7a44a1e006eb6c) Importer(815301076,1909f56bfc062723c751e8b465ee728b)  -> (artifact id: 'f17ec018b77fbe60b92cd18f3a2fdd68') in 1.356383 seconds 
========================================================================
Received Import Request.
  Time since last request: 0.000026 seconds.
  path: Assets/LEGO/Prefabs/LEGO Behaviour Bricks/Pickup.prefab
  artifactKey: Guid(aabede6d086ed4135905ba95940a38b0) Importer(815301076,1909f56bfc062723c751e8b465ee728b)
Start importing Assets/LEGO/Prefabs/LEGO Behaviour Bricks/Pickup.prefab using Guid(aabede6d086ed4135905ba95940a38b0) Importer(815301076,1909f56bfc062723c751e8b465ee728b)  -> (artifact id: '47d9f234edce48f441c9ff120881570a') in 0.081842 seconds 
========================================================================
Received Import Request.
  Time since last request: 0.000069 seconds.
  path: Assets/LEGO/Prefabs/LEGO Behaviour Bricks/Platform.prefab
  artifactKey: Guid(57247d92339f745738d099ab710462e5) Importer(815301076,1909f56bfc062723c751e8b465ee728b)
Start importing Assets/LEGO/Prefabs/LEGO Behaviour Bricks/Platform.prefab using Guid(57247d92339f745738d099ab710462e5) Importer(815301076,1909f56bfc062723c751e8b465ee728b)  -> (artifact id: 'ae824ad8275c0e78f60c0ef5388f969a') in 0.062704 seconds 
========================================================================
Received Import Request.
  Time since last request: 0.000029 seconds.
  path: Assets/LEGO/Prefabs/LEGO Behaviour Bricks/Control.prefab
  artifactKey: Guid(30cbd9d88ad3ab74a88fe4f7b478c574) Importer(815301076,1909f56bfc062723c751e8b465ee728b)
Start importing Assets/LEGO/Prefabs/LEGO Behaviour Bricks/Control.prefab using Guid(30cbd9d88ad3ab74a88fe4f7b478c574) Importer(815301076,1909f56bfc062723c751e8b465ee728b)  -> (artifact id: 'ee99328d35510e1ffdd7f147da26f082') in 0.050671 seconds 
========================================================================
Received Import Request.
  Time since last request: 0.000027 seconds.
  path: Assets/LEGO/Prefabs/LEGO Behaviour Bricks/Rotate.prefab
  artifactKey: Guid(193f2c47f5132467f97398ef0049802e) Importer(815301076,1909f56bfc062723c751e8b465ee728b)
Start importing Assets/LEGO/Prefabs/LEGO Behaviour Bricks/Rotate.prefab using Guid(193f2c47f5132467f97398ef0049802e) Importer(815301076,1909f56bfc062723c751e8b465ee728b)  -> (artifact id: '3c8e71b9e43fd66534cf91f70c83cbd2') in 0.059389 seconds 
========================================================================
Received Import Request.
  Time since last request: 0.000030 seconds.
  path: Assets/LEGO/Prefabs/LEGO Behaviour Bricks/Spawn.prefab
  artifactKey: Guid(2422d7b828ad14ec5b6ac73d80aeb92e) Importer(815301076,1909f56bfc062723c751e8b465ee728b)
Start importing Assets/LEGO/Prefabs/LEGO Behaviour Bricks/Spawn.prefab using Guid(2422d7b828ad14ec5b6ac73d80aeb92e) Importer(815301076,1909f56bfc062723c751e8b465ee728b)  -> (artifact id: '378551957580ef82eb1910485e782b0e') in 0.223120 seconds 
========================================================================
Received Import Request.
  Time since last request: 0.000037 seconds.
  path: Assets/LEGO/Prefabs/LEGO Behaviour Bricks/Win.prefab
  artifactKey: Guid(ea265bc597495427489e129dab6e40fa) Importer(815301076,1909f56bfc062723c751e8b465ee728b)
Start importing Assets/LEGO/Prefabs/LEGO Behaviour Bricks/Win.prefab using Guid(ea265bc597495427489e129dab6e40fa) Importer(815301076,1909f56bfc062723c751e8b465ee728b)  -> (artifact id: '23fafdf3ac6dcce91f69f19c0e897046') in 0.035799 seconds 
========================================================================
Received Import Request.
  Time since last request: 0.000048 seconds.
  path: Assets/LEGO/Prefabs/LEGO Behaviour Bricks/Counter.prefab
  artifactKey: Guid(e091f61a413b7c443bcb03c9d0e2f23a) Importer(815301076,1909f56bfc062723c751e8b465ee728b)
Start importing Assets/LEGO/Prefabs/LEGO Behaviour Bricks/Counter.prefab using Guid(e091f61a413b7c443bcb03c9d0e2f23a) Importer(815301076,1909f56bfc062723c751e8b465ee728b)  -> (artifact id: '8f657c32a0d1fbcc11afd8a8597d95a4') in 0.095756 seconds 
========================================================================
Received Import Request.
  Time since last request: 0.000026 seconds.
  path: Assets/LEGO/Prefabs/LEGO Behaviour Bricks/Nearby Trigger.prefab
  artifactKey: Guid(5073354b3112c48619a5a0a18f938ee7) Importer(815301076,1909f56bfc062723c751e8b465ee728b)
Start importing Assets/LEGO/Prefabs/LEGO Behaviour Bricks/Nearby Trigger.prefab using Guid(5073354b3112c48619a5a0a18f938ee7) Importer(815301076,1909f56bfc062723c751e8b465ee728b)  -> (artifact id: '8bc3a193ced4be8537c7bfdff02a6c12') in 0.051778 seconds 
========================================================================
Received Import Request.
  Time since last request: 0.000033 seconds.
  path: Assets/LEGO/Prefabs/LEGO Behaviour Bricks/Random Trigger.prefab
  artifactKey: Guid(02e3db666d57540848263b70239df2a9) Importer(815301076,1909f56bfc062723c751e8b465ee728b)
Start importing Assets/LEGO/Prefabs/LEGO Behaviour Bricks/Random Trigger.prefab using Guid(02e3db666d57540848263b70239df2a9) Importer(815301076,1909f56bfc062723c751e8b465ee728b)  -> (artifact id: '9001da02033a005f830837d59d697650') in 0.054254 seconds 
========================================================================
Received Import Request.
  Time since last request: 0.000034 seconds.
  path: Assets/LEGO/Prefabs/LEGO Behaviour Bricks/One Button.prefab
  artifactKey: Guid(1f775bc2fdffc134e9c5098dc582ef5c) Importer(815301076,1909f56bfc062723c751e8b465ee728b)
Start importing Assets/LEGO/Prefabs/LEGO Behaviour Bricks/One Button.prefab using Guid(1f775bc2fdffc134e9c5098dc582ef5c) Importer(815301076,1909f56bfc062723c751e8b465ee728b)  -> (artifact id: 'e537719b7c00dedd39aa5ddd65f5b8d5') in 0.057041 seconds 
========================================================================
Received Import Request.
  Time since last request: 0.000036 seconds.
  path: Assets/LEGO/Prefabs/LEGO Behaviour Bricks/Touch Trigger.prefab
  artifactKey: Guid(45a9e243fd71443c68c6819cdcac03de) Importer(815301076,1909f56bfc062723c751e8b465ee728b)
Start importing Assets/LEGO/Prefabs/LEGO Behaviour Bricks/Touch Trigger.prefab using Guid(45a9e243fd71443c68c6819cdcac03de) Importer(815301076,1909f56bfc062723c751e8b465ee728b)  -> (artifact id: '74399ca3bbca2e9b0482902aafc68496') in 0.052479 seconds 
========================================================================
Received Import Request.
  Time since last request: 0.000027 seconds.
  path: Assets/LEGO/Prefabs/LEGO Behaviour Bricks/Pickup Trigger.prefab
  artifactKey: Guid(4b2cfe96b53144070b342371e0a54a06) Importer(815301076,1909f56bfc062723c751e8b465ee728b)
Start importing Assets/LEGO/Prefabs/LEGO Behaviour Bricks/Pickup Trigger.prefab using Guid(4b2cfe96b53144070b342371e0a54a06) Importer(815301076,1909f56bfc062723c751e8b465ee728b)  -> (artifact id: '13c0418908b7617cba2dc0a859a5cdda') in 0.065316 seconds 
========================================================================
Received Prepare
Registering precompiled user dll's ...
Registered in 0.005494 seconds.
Begin MonoManager ReloadAssembly
Symbol file LoadedFromMemory doesn't match image D:\514569\Unity\Year2\LEGO\LEGOScroogeGame\Library\PackageCache\com.unity.visualscripting@1.7.8\Editor\VisualScripting.Core\Dependencies\YamlDotNet\Unity.VisualScripting.YamlDotNet.dll
Symbol file LoadedFromMemory doesn't match image D:\514569\Unity\Year2\LEGO\LEGOScroogeGame\Library\PackageCache\com.unity.visualscripting@1.7.8\Editor\VisualScripting.Core\Dependencies\DotNetZip\Unity.VisualScripting.IonicZip.dll
Native extension for UWP target not found
Native extension for LinuxStandalone target not found
Native extension for WindowsStandalone target not found
Native extension for AppleTV target not found
Native extension for iOS target not found
Native extension for Android target not found
Native extension for OSXStandalone target not found
Native extension for WebGL target not found
Refreshing native plugins compatible for Editor in 1.95 ms, found 3 plugins.
Preloading 0 native plugins for Editor in 0.00 ms.
Mono: successfully reloaded assembly
- Completed reload, in  1.359 seconds
Domain Reload Profiling:
	ReloadAssembly (1360ms)
		BeginReloadAssembly (163ms)
			ExecutionOrderSort (0ms)
			DisableScriptedObjects (7ms)
			BackupInstance (0ms)
			ReleaseScriptingObjects (0ms)
			CreateAndSetChildDomain (48ms)
		EndReloadAssembly (1078ms)
			LoadAssemblies (113ms)
			RebuildTransferFunctionScriptingTraits (0ms)
			SetupTypeCache (295ms)
				TypeCache.Initialize (280ms)
					TypeCache.ScanAssembly (274ms)
				ResolveRequiredComponents (15ms)
			ReleaseScriptCaches (2ms)
			RebuildScriptCaches (67ms)
			SetupLoadedEditorAssemblies (556ms)
				LogAssemblyErrors (0ms)
				InitializePlatformSupportModulesInManaged (46ms)
				SetLoadedEditorAssemblies (5ms)
				RefreshPlugins (2ms)
				BeforeProcessingInitializeOnLoad (107ms)
				ProcessInitializeOnLoadAttributes (305ms)
				ProcessInitializeOnLoadMethodAttributes (75ms)
				AfterProcessingInitializeOnLoad (15ms)
				EditorAssembliesLoaded (0ms)
			ExecutionOrderSort2 (0ms)
			AwakeInstancesAfterBackupRestoration (9ms)
Platform modules already initialized, skipping
Refreshing native plugins compatible for Editor in 4.19 ms, found 3 plugins.
Preloading 0 native plugins for Editor in 0.00 ms.
Unloading 5732 Unused Serialized files (Serialized files now loaded: 0)
Unloading 41 unused Assets / (1.6 MB). Loaded Objects now: 6518.
Memory consumption went from 0.90 GB to 0.90 GB.
Total: 8.381600 ms (FindLiveObjects: 1.078600 ms CreateObjectMapping: 0.447500 ms MarkObjects: 5.853800 ms  DeleteObjects: 1.000300 ms)

AssetImportParameters requested are different than current active one (requested -> active):
  custom:video-decoder-ogg-theora: a1e56fd34408186e4bbccfd4996cb3dc -> 
  custom:container-muxer-webm: aa71ff27fc2769a1b78a27578f13a17b -> 
  custom:container-demuxer-webm: 4f35f7cbe854078d1ac9338744f61a02 -> 
  custom:video-encoder-webm-vp8: eb34c28f22e8b96e1ab97ce403110664 -> 
  custom:audio-encoder-webm-vorbis: bf7c407c2cedff20999df2af8eb42d56 -> 
  custom:framework-win-MediaFoundation: 216162199b28c13a410421893ffa2e32 -> 
  custom:container-demuxer-ogg: 62fdf1f143b41e24485cea50d1cbac27 -> 
  custom:video-decoder-webm-vp8: 9c59270c3fd7afecdb556c50c9e8de78 -> 
  custom:audio-decoder-ogg-vorbis: bf7c407c2cedff20999df2af8eb42d56 -> 
Editor requested this worker to shutdown with reason: Scaling down because of idle timeout
AssetImportWorker is now disconnected from the server
Process exiting
Exiting without the bug reporter. Application will terminate with return code 0