Using pre-set license
Built from '2022.1/staging' branch; Version is '2022.1.16f1 (7321c9670bc2) revision 7545289'; Using compiler version '192829333'; Build Type 'Release'
OS: 'Windows 10  (10.0.19045) 64bit Education' Language: 'en' Physical Memory: 16309 MB
BatchMode: 1, IsHumanControllingUs: 0, StartBugReporterOnCrash: 0, Is64bit: 1, IsPro: 1

COMMAND LINE ARGUMENTS:
C:\Program Files\Unity\Hub\Editor\2022.1.16f1\Editor\Unity.exe
-adb2
-batchMode
-noUpm
-name
AssetImportWorker0
-projectPath
D:/514569/Unity/Year2/LEGO/LEGOScroogeGame
-logFile
Logs/AssetImportWorker0.log
-srvPort
50534
Successfully changed project path to: D:/514569/Unity/Year2/LEGO/LEGOScroogeGame
D:/514569/Unity/Year2/LEGO/LEGOScroogeGame
[UnityMemory] Configuration Parameters - Can be set up in boot.config
    "memorysetup-bucket-allocator-granularity=16"
    "memorysetup-bucket-allocator-bucket-count=8"
    "memorysetup-bucket-allocator-block-size=33554432"
    "memorysetup-bucket-allocator-block-count=8"
    "memorysetup-main-allocator-block-size=16777216"
    "memorysetup-thread-allocator-block-size=16777216"
    "memorysetup-gfx-main-allocator-block-size=16777216"
    "memorysetup-gfx-thread-allocator-block-size=16777216"
    "memorysetup-cache-allocator-block-size=4194304"
    "memorysetup-typetree-allocator-block-size=2097152"
    "memorysetup-profiler-bucket-allocator-granularity=16"
    "memorysetup-profiler-bucket-allocator-bucket-count=8"
    "memorysetup-profiler-bucket-allocator-block-size=33554432"
    "memorysetup-profiler-bucket-allocator-block-count=8"
    "memorysetup-profiler-allocator-block-size=16777216"
    "memorysetup-profiler-editor-allocator-block-size=1048576"
    "memorysetup-temp-allocator-size-main=16777216"
    "memorysetup-job-temp-allocator-block-size=2097152"
    "memorysetup-job-temp-allocator-block-size-background=1048576"
    "memorysetup-job-temp-allocator-reduction-small-platforms=262144"
    "memorysetup-temp-allocator-size-background-worker=32768"
    "memorysetup-temp-allocator-size-job-worker=262144"
    "memorysetup-temp-allocator-size-preload-manager=33554432"
    "memorysetup-temp-allocator-size-nav-mesh-worker=65536"
    "memorysetup-temp-allocator-size-audio-worker=65536"
    "memorysetup-temp-allocator-size-cloud-worker=32768"
    "memorysetup-temp-allocator-size-gi-baking-worker=262144"
    "memorysetup-temp-allocator-size-gfx=262144"
Refreshing native plugins compatible for Editor in 150.82 ms, found 3 plugins.
Preloading 0 native plugins for Editor in 0.00 ms.
Initialize engine version: 2022.1.16f1 (7321c9670bc2)
[Subsystems] Discovering subsystems at path C:/Program Files/Unity/Hub/Editor/2022.1.16f1/Editor/Data/Resources/UnitySubsystems
[Subsystems] Discovering subsystems at path D:/514569/Unity/Year2/LEGO/LEGOScroogeGame/Assets
GfxDevice: creating device client; threaded=0; jobified=0
Direct3D:
    Version:  Direct3D 11.0 [level 11.1]
    Renderer: NVIDIA GeForce GTX 1650 (ID=0x2188)
    Vendor:   NVIDIA
    VRAM:     3949 MB
    Driver:   31.0.15.3623
Initialize mono
Mono path[0] = 'C:/Program Files/Unity/Hub/Editor/2022.1.16f1/Editor/Data/Managed'
Mono path[1] = 'C:/Program Files/Unity/Hub/Editor/2022.1.16f1/Editor/Data/MonoBleedingEdge/lib/mono/unityjit-win32'
Mono config path = 'C:/Program Files/Unity/Hub/Editor/2022.1.16f1/Editor/Data/MonoBleedingEdge/etc'
Using monoOptions --debugger-agent=transport=dt_socket,embedding=1,server=y,suspend=n,address=127.0.0.1:56400
Begin MonoManager ReloadAssembly
Registering precompiled unity dll's ...
Register platform support module: C:/Program Files/Unity/Hub/Editor/2022.1.16f1/Editor/Data/PlaybackEngines/WebGLSupport/UnityEditor.WebGL.Extensions.dll
Register platform support module: C:/Program Files/Unity/Hub/Editor/2022.1.16f1/Editor/Data/PlaybackEngines/MacStandaloneSupport/UnityEditor.OSXStandalone.Extensions.dll
Register platform support module: C:/Program Files/Unity/Hub/Editor/2022.1.16f1/Editor/Data/PlaybackEngines/AndroidPlayer/UnityEditor.Android.Extensions.dll
Register platform support module: C:/Program Files/Unity/Hub/Editor/2022.1.16f1/Editor/Data/PlaybackEngines/iOSSupport/UnityEditor.iOS.Extensions.dll
Register platform support module: C:/Program Files/Unity/Hub/Editor/2022.1.16f1/Editor/Data/PlaybackEngines/AppleTVSupport/UnityEditor.AppleTV.Extensions.dll
Register platform support module: C:/Program Files/Unity/Hub/Editor/2022.1.16f1/Editor/Data/PlaybackEngines/WindowsStandaloneSupport/UnityEditor.WindowsStandalone.Extensions.dll
Register platform support module: C:/Program Files/Unity/Hub/Editor/2022.1.16f1/Editor/Data/PlaybackEngines/LinuxStandaloneSupport/UnityEditor.LinuxStandalone.Extensions.dll
Register platform support module: C:/Program Files/Unity/Hub/Editor/2022.1.16f1/Editor/Data/PlaybackEngines/MetroSupport/UnityEditor.UWP.Extensions.dll
Registered in 0.018638 seconds.
Native extension for UWP target not found
Native extension for LinuxStandalone target not found
Native extension for WindowsStandalone target not found
[usbmuxd] Start listen thread
[usbmuxd] Listen thread started
Native extension for AppleTV target not found
[usbmuxd] Start listen thread
[usbmuxd] Listen thread started
Native extension for iOS target not found
Native extension for Android target not found
Native extension for OSXStandalone target not found
Native extension for WebGL target not found
Refreshing native plugins compatible for Editor in 156.71 ms, found 3 plugins.
Preloading 0 native plugins for Editor in 0.00 ms.
Mono: successfully reloaded assembly
- Completed reload, in  0.756 seconds
Domain Reload Profiling:
	ReloadAssembly (756ms)
		BeginReloadAssembly (84ms)
			ExecutionOrderSort (0ms)
			DisableScriptedObjects (0ms)
			BackupInstance (0ms)
			ReleaseScriptingObjects (0ms)
			CreateAndSetChildDomain (1ms)
		EndReloadAssembly (549ms)
			LoadAssemblies (82ms)
			RebuildTransferFunctionScriptingTraits (0ms)
			SetupTypeCache (114ms)
				TypeCache.Initialize (114ms)
					TypeCache.ScanAssembly (113ms)
				ResolveRequiredComponents (0ms)
			ReleaseScriptCaches (0ms)
			RebuildScriptCaches (23ms)
			SetupLoadedEditorAssemblies (356ms)
				LogAssemblyErrors (0ms)
				InitializePlatformSupportModulesInManaged (66ms)
				SetLoadedEditorAssemblies (5ms)
				RefreshPlugins (157ms)
				BeforeProcessingInitializeOnLoad (1ms)
				ProcessInitializeOnLoadAttributes (89ms)
				ProcessInitializeOnLoadMethodAttributes (39ms)
				AfterProcessingInitializeOnLoad (0ms)
				EditorAssembliesLoaded (0ms)
			ExecutionOrderSort2 (0ms)
			AwakeInstancesAfterBackupRestoration (0ms)
Platform modules already initialized, skipping
Registering precompiled user dll's ...
Registered in 0.005511 seconds.
Begin MonoManager ReloadAssembly
Symbol file LoadedFromMemory doesn't match image D:\514569\Unity\Year2\LEGO\LEGOScroogeGame\Library\PackageCache\com.unity.visualscripting@1.7.8\Editor\VisualScripting.Core\Dependencies\YamlDotNet\Unity.VisualScripting.YamlDotNet.dll
Symbol file LoadedFromMemory doesn't match image D:\514569\Unity\Year2\LEGO\LEGOScroogeGame\Library\PackageCache\com.unity.visualscripting@1.7.8\Editor\VisualScripting.Core\Dependencies\DotNetZip\Unity.VisualScripting.IonicZip.dll
Native extension for UWP target not found
Native extension for LinuxStandalone target not found
Native extension for WindowsStandalone target not found
Native extension for AppleTV target not found
Native extension for iOS target not found
Native extension for Android target not found
Native extension for OSXStandalone target not found
Native extension for WebGL target not found
Refreshing native plugins compatible for Editor in 155.34 ms, found 3 plugins.
Preloading 0 native plugins for Editor in 0.00 ms.
Mono: successfully reloaded assembly
- Completed reload, in  1.473 seconds
Domain Reload Profiling:
	ReloadAssembly (1474ms)
		BeginReloadAssembly (125ms)
			ExecutionOrderSort (0ms)
			DisableScriptedObjects (5ms)
			BackupInstance (0ms)
			ReleaseScriptingObjects (0ms)
			CreateAndSetChildDomain (22ms)
		EndReloadAssembly (1232ms)
			LoadAssemblies (106ms)
			RebuildTransferFunctionScriptingTraits (0ms)
			SetupTypeCache (284ms)
				TypeCache.Initialize (270ms)
					TypeCache.ScanAssembly (266ms)
				ResolveRequiredComponents (13ms)
			ReleaseScriptCaches (1ms)
			RebuildScriptCaches (66ms)
			SetupLoadedEditorAssemblies (739ms)
				LogAssemblyErrors (0ms)
				InitializePlatformSupportModulesInManaged (43ms)
				SetLoadedEditorAssemblies (5ms)
				RefreshPlugins (155ms)
				BeforeProcessingInitializeOnLoad (128ms)
				ProcessInitializeOnLoadAttributes (314ms)
				ProcessInitializeOnLoadMethodAttributes (78ms)
				AfterProcessingInitializeOnLoad (15ms)
				EditorAssembliesLoaded (0ms)
			ExecutionOrderSort2 (0ms)
			AwakeInstancesAfterBackupRestoration (5ms)
Platform modules already initialized, skipping
========================================================================
Worker process is ready to serve import requests
Launched and connected shader compiler UnityShaderCompiler.exe after 0.07 seconds
Refreshing native plugins compatible for Editor in 1.80 ms, found 3 plugins.
Preloading 0 native plugins for Editor in 0.00 ms.
Unloading 5869 Unused Serialized files (Serialized files now loaded: 0)
Unloading 58 unused Assets / (305.3 KB). Loaded Objects now: 6312.
Memory consumption went from 0.92 GB to 0.92 GB.
Total: 4.463600 ms (FindLiveObjects: 0.605400 ms CreateObjectMapping: 0.165900 ms MarkObjects: 3.507500 ms  DeleteObjects: 0.183700 ms)

AssetImportParameters requested are different than current active one (requested -> active):
  custom:video-decoder-ogg-theora: a1e56fd34408186e4bbccfd4996cb3dc -> 
  custom:container-muxer-webm: aa71ff27fc2769a1b78a27578f13a17b -> 
  custom:container-demuxer-webm: 4f35f7cbe854078d1ac9338744f61a02 -> 
  custom:video-encoder-webm-vp8: eb34c28f22e8b96e1ab97ce403110664 -> 
  custom:audio-encoder-webm-vorbis: bf7c407c2cedff20999df2af8eb42d56 -> 
  custom:framework-win-MediaFoundation: 216162199b28c13a410421893ffa2e32 -> 
  custom:container-demuxer-ogg: 62fdf1f143b41e24485cea50d1cbac27 -> 
  custom:video-decoder-webm-vp8: 9c59270c3fd7afecdb556c50c9e8de78 -> 
  custom:audio-decoder-ogg-vorbis: bf7c407c2cedff20999df2af8eb42d56 -> 
========================================================================
Received Import Request.
  Time since last request: 2396003.251803 seconds.
  path: Assets/LEGO/Scenes/Scrooge.unity
  artifactKey: Guid(d6475295470f2104ca2061ffeadcd307) Importer(815301076,1909f56bfc062723c751e8b465ee728b)
Start importing Assets/LEGO/Scenes/Scrooge.unity using Guid(d6475295470f2104ca2061ffeadcd307) Importer(815301076,1909f56bfc062723c751e8b465ee728b)  -> (artifact id: '7f7c337f984e02b40d5cad397b207c39') in 0.024563 seconds 
========================================================================
Received Import Request.
  Time since last request: 27.421245 seconds.
  path: Assets/LEGO/Scenes/Picture.unity
  artifactKey: Guid(f3364fb9417a9ce4b8c8205ef5dc56ad) Importer(815301076,1909f56bfc062723c751e8b465ee728b)
Start importing Assets/LEGO/Scenes/Picture.unity using Guid(f3364fb9417a9ce4b8c8205ef5dc56ad) Importer(815301076,1909f56bfc062723c751e8b465ee728b)  -> (artifact id: 'a15c29fdbae5ea7de20a2e031001ecfd') in 0.009862 seconds 
========================================================================
Received Import Request.
  Time since last request: 3887.186176 seconds.
  path: Assets/LEGO/Prefabs
  artifactKey: Guid(16d8984a4c9928d4d9f38864e15ff74e) Importer(815301076,1909f56bfc062723c751e8b465ee728b)
Start importing Assets/LEGO/Prefabs using Guid(16d8984a4c9928d4d9f38864e15ff74e) Importer(815301076,1909f56bfc062723c751e8b465ee728b)  -> (artifact id: '78b010605c8023c8358ab6f0fc4979ba') in 0.023146 seconds 
========================================================================
Received Import Request.
  Time since last request: 2.333121 seconds.
  path: Assets/LEGO/Prefabs/LEGO Minifigs
  artifactKey: Guid(53138950874e0de4e83e2181855df95e) Importer(815301076,1909f56bfc062723c751e8b465ee728b)
Start importing Assets/LEGO/Prefabs/LEGO Minifigs using Guid(53138950874e0de4e83e2181855df95e) Importer(815301076,1909f56bfc062723c751e8b465ee728b)  -> (artifact id: '8ee245dae3d6686fefe36e400bc271de') in 0.009968 seconds 
========================================================================
Received Import Request.
  Time since last request: 0.506741 seconds.
  path: Assets/LEGO/Prefabs/LEGO Behaviour Bricks
  artifactKey: Guid(5b5cfd2a85a7a488aa96b4afb2b2a04c) Importer(815301076,1909f56bfc062723c751e8b465ee728b)
Start importing Assets/LEGO/Prefabs/LEGO Behaviour Bricks using Guid(5b5cfd2a85a7a488aa96b4afb2b2a04c) Importer(815301076,1909f56bfc062723c751e8b465ee728b)  -> (artifact id: '6e6044fa59b9a430d39e373ff254f1d1') in 0.009367 seconds 
========================================================================
Received Import Request.
  Time since last request: 213.183464 seconds.
  path: Assets/LEGO/Prefabs/LEGO Behaviour Bricks/Pickup Trigger.prefab
  artifactKey: Guid(4b2cfe96b53144070b342371e0a54a06) Importer(815301076,1909f56bfc062723c751e8b465ee728b)
Start importing Assets/LEGO/Prefabs/LEGO Behaviour Bricks/Pickup Trigger.prefab using Guid(4b2cfe96b53144070b342371e0a54a06) Importer(815301076,1909f56bfc062723c751e8b465ee728b)  -> (artifact id: '000552ef6c91ed489b62e3196f7a9130') in 5.599852 seconds 
========================================================================
Received Prepare
Registering precompiled user dll's ...
Registered in 0.007572 seconds.
Begin MonoManager ReloadAssembly
Symbol file LoadedFromMemory doesn't match image D:\514569\Unity\Year2\LEGO\LEGOScroogeGame\Library\PackageCache\com.unity.visualscripting@1.7.8\Editor\VisualScripting.Core\Dependencies\YamlDotNet\Unity.VisualScripting.YamlDotNet.dll
Symbol file LoadedFromMemory doesn't match image D:\514569\Unity\Year2\LEGO\LEGOScroogeGame\Library\PackageCache\com.unity.visualscripting@1.7.8\Editor\VisualScripting.Core\Dependencies\DotNetZip\Unity.VisualScripting.IonicZip.dll
Native extension for UWP target not found
Native extension for LinuxStandalone target not found
Native extension for WindowsStandalone target not found
Native extension for AppleTV target not found
Native extension for iOS target not found
Native extension for Android target not found
Native extension for OSXStandalone target not found
Native extension for WebGL target not found
Refreshing native plugins compatible for Editor in 1.91 ms, found 3 plugins.
Preloading 0 native plugins for Editor in 0.00 ms.
Mono: successfully reloaded assembly
- Completed reload, in  2.253 seconds
Domain Reload Profiling:
	ReloadAssembly (2255ms)
		BeginReloadAssembly (286ms)
			ExecutionOrderSort (0ms)
			DisableScriptedObjects (12ms)
			BackupInstance (0ms)
			ReleaseScriptingObjects (0ms)
			CreateAndSetChildDomain (135ms)
		EndReloadAssembly (1739ms)
			LoadAssemblies (144ms)
			RebuildTransferFunctionScriptingTraits (0ms)
			SetupTypeCache (638ms)
				TypeCache.Initialize (623ms)
					TypeCache.ScanAssembly (613ms)
				ResolveRequiredComponents (15ms)
			ReleaseScriptCaches (2ms)
			RebuildScriptCaches (63ms)
			SetupLoadedEditorAssemblies (810ms)
				LogAssemblyErrors (0ms)
				InitializePlatformSupportModulesInManaged (52ms)
				SetLoadedEditorAssemblies (6ms)
				RefreshPlugins (2ms)
				BeforeProcessingInitializeOnLoad (101ms)
				ProcessInitializeOnLoadAttributes (548ms)
				ProcessInitializeOnLoadMethodAttributes (83ms)
				AfterProcessingInitializeOnLoad (18ms)
				EditorAssembliesLoaded (0ms)
			ExecutionOrderSort2 (0ms)
			AwakeInstancesAfterBackupRestoration (10ms)
Platform modules already initialized, skipping
Refreshing native plugins compatible for Editor in 4.43 ms, found 3 plugins.
Preloading 0 native plugins for Editor in 0.00 ms.
Unloading 5705 Unused Serialized files (Serialized files now loaded: 0)
Unloading 39 unused Assets / (265.7 KB). Loaded Objects now: 6378.
Memory consumption went from 0.89 GB to 0.89 GB.
Total: 6.449400 ms (FindLiveObjects: 0.876500 ms CreateObjectMapping: 0.191300 ms MarkObjects: 5.215800 ms  DeleteObjects: 0.164600 ms)

AssetImportParameters requested are different than current active one (requested -> active):
  custom:video-decoder-ogg-theora: a1e56fd34408186e4bbccfd4996cb3dc -> 
  custom:container-muxer-webm: aa71ff27fc2769a1b78a27578f13a17b -> 
  custom:container-demuxer-webm: 4f35f7cbe854078d1ac9338744f61a02 -> 
  custom:video-encoder-webm-vp8: eb34c28f22e8b96e1ab97ce403110664 -> 
  custom:audio-encoder-webm-vorbis: bf7c407c2cedff20999df2af8eb42d56 -> 
  custom:framework-win-MediaFoundation: 216162199b28c13a410421893ffa2e32 -> 
  custom:container-demuxer-ogg: 62fdf1f143b41e24485cea50d1cbac27 -> 
  custom:video-decoder-webm-vp8: 9c59270c3fd7afecdb556c50c9e8de78 -> 
  custom:audio-decoder-ogg-vorbis: bf7c407c2cedff20999df2af8eb42d56 -> 
========================================================================
Received Import Request.
  Time since last request: 204.042391 seconds.
  path: Assets/LEGO/Prefabs/LEGO Models
  artifactKey: Guid(44cba2f44f45bdf4484ed5f3745cd686) Importer(815301076,1909f56bfc062723c751e8b465ee728b)
Start importing Assets/LEGO/Prefabs/LEGO Models using Guid(44cba2f44f45bdf4484ed5f3745cd686) Importer(815301076,1909f56bfc062723c751e8b465ee728b)  -> (artifact id: 'fae77e094e9738f12e75d0c861d8b753') in 0.020323 seconds 
========================================================================
Received Import Request.
  Time since last request: 1.506425 seconds.
  path: Assets/LEGO/Prefabs/LEGO Models/Characters
  artifactKey: Guid(173132012e3374638b2a18cd187be40a) Importer(815301076,1909f56bfc062723c751e8b465ee728b)
Start importing Assets/LEGO/Prefabs/LEGO Models/Characters using Guid(173132012e3374638b2a18cd187be40a) Importer(815301076,1909f56bfc062723c751e8b465ee728b)  -> (artifact id: 'b7f43fd4905035c27db8afb63721af40') in 0.019875 seconds 
========================================================================
Received Import Request.
  Time since last request: 0.053166 seconds.
  path: Assets/LEGO/Prefabs/LEGO Models/Characters/Alien.prefab
  artifactKey: Guid(3b69f35b5c82fed44851cf9359486c32) Importer(815301076,1909f56bfc062723c751e8b465ee728b)
Start importing Assets/LEGO/Prefabs/LEGO Models/Characters/Alien.prefab using Guid(3b69f35b5c82fed44851cf9359486c32) Importer(815301076,1909f56bfc062723c751e8b465ee728b)  -> (artifact id: '828764711016724d811916fdde174ad5') in 0.634511 seconds 
========================================================================
Received Import Request.
  Time since last request: 0.000051 seconds.
  path: Assets/LEGO/Prefabs/LEGO Models/Characters/Galo.prefab
  artifactKey: Guid(e3e699aed59724e4b960325459cf8173) Importer(815301076,1909f56bfc062723c751e8b465ee728b)
Start importing Assets/LEGO/Prefabs/LEGO Models/Characters/Galo.prefab using Guid(e3e699aed59724e4b960325459cf8173) Importer(815301076,1909f56bfc062723c751e8b465ee728b)  -> (artifact id: 'd3fef4292813123bbf3038dbd2778ced') in 0.514181 seconds 
========================================================================
Received Import Request.
  Time since last request: 0.000038 seconds.
  path: Assets/LEGO/Prefabs/LEGO Models/Characters/Pirate.prefab
  artifactKey: Guid(b2cbcbfe568fd4abdab1576c36c09c16) Importer(815301076,1909f56bfc062723c751e8b465ee728b)
Start importing Assets/LEGO/Prefabs/LEGO Models/Characters/Pirate.prefab using Guid(b2cbcbfe568fd4abdab1576c36c09c16) Importer(815301076,1909f56bfc062723c751e8b465ee728b)  -> (artifact id: '6f9433b52778a8c27e208d6f71e24efb') in 0.517955 seconds 
========================================================================
Received Import Request.
  Time since last request: 0.000033 seconds.
  path: Assets/LEGO/Prefabs/LEGO Models/Characters/Dr Pato.prefab
  artifactKey: Guid(a05afb62c04ea4ee98923cc3ea43b78d) Importer(815301076,1909f56bfc062723c751e8b465ee728b)
Start importing Assets/LEGO/Prefabs/LEGO Models/Characters/Dr Pato.prefab using Guid(a05afb62c04ea4ee98923cc3ea43b78d) Importer(815301076,1909f56bfc062723c751e8b465ee728b)  -> (artifact id: '11febc6ebc78ec9b3c6f37de1df93a82') in 0.156758 seconds 
========================================================================
Received Import Request.
  Time since last request: 0.000053 seconds.
  path: Assets/LEGO/Prefabs/LEGO Models/Characters/Javali Jax.prefab
  artifactKey: Guid(bf8f044ecf3ad4a5f95b2931bc908aa8) Importer(815301076,1909f56bfc062723c751e8b465ee728b)
Start importing Assets/LEGO/Prefabs/LEGO Models/Characters/Javali Jax.prefab using Guid(bf8f044ecf3ad4a5f95b2931bc908aa8) Importer(815301076,1909f56bfc062723c751e8b465ee728b)  -> (artifact id: '27821d31a5cc0321ccd238c2f95008ab') in 0.258637 seconds 
========================================================================
Received Import Request.
  Time since last request: 0.000038 seconds.
  path: Assets/LEGO/Prefabs/LEGO Models/Characters/Panda.prefab
  artifactKey: Guid(dd2ac158d80154bcf8db5010cab2894e) Importer(815301076,1909f56bfc062723c751e8b465ee728b)
Start importing Assets/LEGO/Prefabs/LEGO Models/Characters/Panda.prefab using Guid(dd2ac158d80154bcf8db5010cab2894e) Importer(815301076,1909f56bfc062723c751e8b465ee728b)  -> (artifact id: 'f893223fd0ca145ae4936027665ec6ee') in 0.814187 seconds 
========================================================================
Received Import Request.
  Time since last request: 0.000048 seconds.
  path: Assets/LEGO/Prefabs/LEGO Models/Characters/Gnome.prefab
  artifactKey: Guid(e6772116bbcc7cc4d99f0f86f915d7b6) Importer(815301076,1909f56bfc062723c751e8b465ee728b)
Start importing Assets/LEGO/Prefabs/LEGO Models/Characters/Gnome.prefab using Guid(e6772116bbcc7cc4d99f0f86f915d7b6) Importer(815301076,1909f56bfc062723c751e8b465ee728b)  -> (artifact id: 'a7b94cccc7c54e8a4c8ea07b1b5c88f0') in 0.220058 seconds 
========================================================================
Received Import Request.
  Time since last request: 0.000033 seconds.
  path: Assets/LEGO/Prefabs/LEGO Models/Characters/Mogosaur.prefab
  artifactKey: Guid(c5a354bab27bb3e4eb8dcf9888b9d202) Importer(815301076,1909f56bfc062723c751e8b465ee728b)
Start importing Assets/LEGO/Prefabs/LEGO Models/Characters/Mogosaur.prefab using Guid(c5a354bab27bb3e4eb8dcf9888b9d202) Importer(815301076,1909f56bfc062723c751e8b465ee728b)  -> (artifact id: '08e4b647981a588dada4d8fdad18f83c') in 0.135438 seconds 
========================================================================
Received Import Request.
  Time since last request: 0.000037 seconds.
  path: Assets/LEGO/Prefabs/LEGO Models/Characters/Golem.prefab
  artifactKey: Guid(e9a8254f33877477c91a2eb9da7d3049) Importer(815301076,1909f56bfc062723c751e8b465ee728b)
Start importing Assets/LEGO/Prefabs/LEGO Models/Characters/Golem.prefab using Guid(e9a8254f33877477c91a2eb9da7d3049) Importer(815301076,1909f56bfc062723c751e8b465ee728b)  -> (artifact id: '8c33024b4e60a6f4dff47eb8118257a8') in 0.319692 seconds 
========================================================================
Received Prepare
Registering precompiled user dll's ...
Registered in 0.006820 seconds.
Begin MonoManager ReloadAssembly
Symbol file LoadedFromMemory doesn't match image D:\514569\Unity\Year2\LEGO\LEGOScroogeGame\Library\PackageCache\com.unity.visualscripting@1.7.8\Editor\VisualScripting.Core\Dependencies\YamlDotNet\Unity.VisualScripting.YamlDotNet.dll
Symbol file LoadedFromMemory doesn't match image D:\514569\Unity\Year2\LEGO\LEGOScroogeGame\Library\PackageCache\com.unity.visualscripting@1.7.8\Editor\VisualScripting.Core\Dependencies\DotNetZip\Unity.VisualScripting.IonicZip.dll
Native extension for UWP target not found
Native extension for LinuxStandalone target not found
Native extension for WindowsStandalone target not found
Native extension for AppleTV target not found
Native extension for iOS target not found
Native extension for Android target not found
Native extension for OSXStandalone target not found
Native extension for WebGL target not found
Refreshing native plugins compatible for Editor in 1.79 ms, found 3 plugins.
Preloading 0 native plugins for Editor in 0.00 ms.
Mono: successfully reloaded assembly
- Completed reload, in  1.307 seconds
Domain Reload Profiling:
	ReloadAssembly (1308ms)
		BeginReloadAssembly (152ms)
			ExecutionOrderSort (0ms)
			DisableScriptedObjects (6ms)
			BackupInstance (0ms)
			ReleaseScriptingObjects (0ms)
			CreateAndSetChildDomain (49ms)
		EndReloadAssembly (1053ms)
			LoadAssemblies (102ms)
			RebuildTransferFunctionScriptingTraits (0ms)
			SetupTypeCache (281ms)
				TypeCache.Initialize (268ms)
					TypeCache.ScanAssembly (261ms)
				ResolveRequiredComponents (13ms)
			ReleaseScriptCaches (2ms)
			RebuildScriptCaches (49ms)
			SetupLoadedEditorAssemblies (565ms)
				LogAssemblyErrors (0ms)
				InitializePlatformSupportModulesInManaged (57ms)
				SetLoadedEditorAssemblies (6ms)
				RefreshPlugins (2ms)
				BeforeProcessingInitializeOnLoad (99ms)
				ProcessInitializeOnLoadAttributes (308ms)
				ProcessInitializeOnLoadMethodAttributes (79ms)
				AfterProcessingInitializeOnLoad (14ms)
				EditorAssembliesLoaded (0ms)
			ExecutionOrderSort2 (0ms)
			AwakeInstancesAfterBackupRestoration (10ms)
Platform modules already initialized, skipping
Refreshing native plugins compatible for Editor in 4.84 ms, found 3 plugins.
Preloading 0 native plugins for Editor in 0.00 ms.
Unloading 5705 Unused Serialized files (Serialized files now loaded: 0)
Unloading 40 unused Assets / (267.4 KB). Loaded Objects now: 6436.
Memory consumption went from 0.90 GB to 0.90 GB.
Total: 7.422300 ms (FindLiveObjects: 0.967300 ms CreateObjectMapping: 0.291900 ms MarkObjects: 6.043000 ms  DeleteObjects: 0.118800 ms)

AssetImportParameters requested are different than current active one (requested -> active):
  custom:video-decoder-ogg-theora: a1e56fd34408186e4bbccfd4996cb3dc -> 
  custom:container-muxer-webm: aa71ff27fc2769a1b78a27578f13a17b -> 
  custom:container-demuxer-webm: 4f35f7cbe854078d1ac9338744f61a02 -> 
  custom:video-encoder-webm-vp8: eb34c28f22e8b96e1ab97ce403110664 -> 
  custom:audio-encoder-webm-vorbis: bf7c407c2cedff20999df2af8eb42d56 -> 
  custom:framework-win-MediaFoundation: 216162199b28c13a410421893ffa2e32 -> 
  custom:container-demuxer-ogg: 62fdf1f143b41e24485cea50d1cbac27 -> 
  custom:video-decoder-webm-vp8: 9c59270c3fd7afecdb556c50c9e8de78 -> 
  custom:audio-decoder-ogg-vorbis: bf7c407c2cedff20999df2af8eb42d56 -> 
========================================================================
Received Prepare
Registering precompiled user dll's ...
Registered in 0.005497 seconds.
Begin MonoManager ReloadAssembly
Symbol file LoadedFromMemory doesn't match image D:\514569\Unity\Year2\LEGO\LEGOScroogeGame\Library\PackageCache\com.unity.visualscripting@1.7.8\Editor\VisualScripting.Core\Dependencies\YamlDotNet\Unity.VisualScripting.YamlDotNet.dll
Symbol file LoadedFromMemory doesn't match image D:\514569\Unity\Year2\LEGO\LEGOScroogeGame\Library\PackageCache\com.unity.visualscripting@1.7.8\Editor\VisualScripting.Core\Dependencies\DotNetZip\Unity.VisualScripting.IonicZip.dll
Native extension for UWP target not found
Native extension for LinuxStandalone target not found
Native extension for WindowsStandalone target not found
Native extension for AppleTV target not found
Native extension for iOS target not found
Native extension for Android target not found
Native extension for OSXStandalone target not found
Native extension for WebGL target not found
Refreshing native plugins compatible for Editor in 1.89 ms, found 3 plugins.
Preloading 0 native plugins for Editor in 0.00 ms.
Mono: successfully reloaded assembly
- Completed reload, in  1.317 seconds
Domain Reload Profiling:
	ReloadAssembly (1318ms)
		BeginReloadAssembly (147ms)
			ExecutionOrderSort (0ms)
			DisableScriptedObjects (4ms)
			BackupInstance (0ms)
			ReleaseScriptingObjects (0ms)
			CreateAndSetChildDomain (42ms)
		EndReloadAssembly (1069ms)
			LoadAssemblies (110ms)
			RebuildTransferFunctionScriptingTraits (0ms)
			SetupTypeCache (270ms)
				TypeCache.Initialize (256ms)
					TypeCache.ScanAssembly (250ms)
				ResolveRequiredComponents (14ms)
			ReleaseScriptCaches (3ms)
			RebuildScriptCaches (47ms)
			SetupLoadedEditorAssemblies (574ms)
				LogAssemblyErrors (0ms)
				InitializePlatformSupportModulesInManaged (54ms)
				SetLoadedEditorAssemblies (5ms)
				RefreshPlugins (2ms)
				BeforeProcessingInitializeOnLoad (101ms)
				ProcessInitializeOnLoadAttributes (309ms)
				ProcessInitializeOnLoadMethodAttributes (88ms)
				AfterProcessingInitializeOnLoad (15ms)
				EditorAssembliesLoaded (0ms)
			ExecutionOrderSort2 (0ms)
			AwakeInstancesAfterBackupRestoration (13ms)
Platform modules already initialized, skipping
Refreshing native plugins compatible for Editor in 4.63 ms, found 3 plugins.
Preloading 0 native plugins for Editor in 0.00 ms.
Unloading 5705 Unused Serialized files (Serialized files now loaded: 0)
Unloading 39 unused Assets / (265.8 KB). Loaded Objects now: 6452.
Memory consumption went from 0.90 GB to 0.90 GB.
Total: 4.934400 ms (FindLiveObjects: 0.644900 ms CreateObjectMapping: 0.177100 ms MarkObjects: 4.009300 ms  DeleteObjects: 0.102000 ms)

AssetImportParameters requested are different than current active one (requested -> active):
  custom:video-decoder-ogg-theora: a1e56fd34408186e4bbccfd4996cb3dc -> 
  custom:container-muxer-webm: aa71ff27fc2769a1b78a27578f13a17b -> 
  custom:container-demuxer-webm: 4f35f7cbe854078d1ac9338744f61a02 -> 
  custom:video-encoder-webm-vp8: eb34c28f22e8b96e1ab97ce403110664 -> 
  custom:audio-encoder-webm-vorbis: bf7c407c2cedff20999df2af8eb42d56 -> 
  custom:framework-win-MediaFoundation: 216162199b28c13a410421893ffa2e32 -> 
  custom:container-demuxer-ogg: 62fdf1f143b41e24485cea50d1cbac27 -> 
  custom:video-decoder-webm-vp8: 9c59270c3fd7afecdb556c50c9e8de78 -> 
  custom:audio-decoder-ogg-vorbis: bf7c407c2cedff20999df2af8eb42d56 -> 
========================================================================
Received Import Request.
  Time since last request: 459.362604 seconds.
  path: Assets/LEGO/Prefabs/LEGO Behaviour Bricks/Audio.prefab
  artifactKey: Guid(2811b6b17136449a6b4e9b435ea8a3a1) Importer(815301076,1909f56bfc062723c751e8b465ee728b)
Start importing Assets/LEGO/Prefabs/LEGO Behaviour Bricks/Audio.prefab using Guid(2811b6b17136449a6b4e9b435ea8a3a1) Importer(815301076,1909f56bfc062723c751e8b465ee728b)  -> (artifact id: '075e13b8b5b8100d9d1e39ff295171aa') in 0.389652 seconds 
========================================================================
Received Import Request.
  Time since last request: 0.000037 seconds.
  path: Assets/LEGO/Prefabs/LEGO Behaviour Bricks/Pickup.prefab
  artifactKey: Guid(aabede6d086ed4135905ba95940a38b0) Importer(815301076,1909f56bfc062723c751e8b465ee728b)
Start importing Assets/LEGO/Prefabs/LEGO Behaviour Bricks/Pickup.prefab using Guid(aabede6d086ed4135905ba95940a38b0) Importer(815301076,1909f56bfc062723c751e8b465ee728b)  -> (artifact id: 'f0fffcf5b6500af5147a2ce13439ed97') in 0.114685 seconds 
========================================================================
Received Import Request.
  Time since last request: 0.000046 seconds.
  path: Assets/LEGO/Prefabs/LEGO Behaviour Bricks/Nearby Trigger.prefab
  artifactKey: Guid(5073354b3112c48619a5a0a18f938ee7) Importer(815301076,1909f56bfc062723c751e8b465ee728b)
Start importing Assets/LEGO/Prefabs/LEGO Behaviour Bricks/Nearby Trigger.prefab using Guid(5073354b3112c48619a5a0a18f938ee7) Importer(815301076,1909f56bfc062723c751e8b465ee728b)  -> (artifact id: 'b2cb1273c8f3bb6e06330a5947db4deb') in 0.025054 seconds 
========================================================================
Received Import Request.
  Time since last request: 0.000027 seconds.
  path: Assets/LEGO/Prefabs/LEGO Behaviour Bricks/Lose.prefab
  artifactKey: Guid(455247ff710ea4752a3ebae0c04d375f) Importer(815301076,1909f56bfc062723c751e8b465ee728b)
Start importing Assets/LEGO/Prefabs/LEGO Behaviour Bricks/Lose.prefab using Guid(455247ff710ea4752a3ebae0c04d375f) Importer(815301076,1909f56bfc062723c751e8b465ee728b)  -> (artifact id: '1cafe46e869d9ba8a6c01bcd708c5451') in 0.123246 seconds 
========================================================================
Received Import Request.
  Time since last request: 0.000036 seconds.
  path: Assets/LEGO/Prefabs/LEGO Behaviour Bricks/Random Trigger.prefab
  artifactKey: Guid(02e3db666d57540848263b70239df2a9) Importer(815301076,1909f56bfc062723c751e8b465ee728b)
Start importing Assets/LEGO/Prefabs/LEGO Behaviour Bricks/Random Trigger.prefab using Guid(02e3db666d57540848263b70239df2a9) Importer(815301076,1909f56bfc062723c751e8b465ee728b)  -> (artifact id: 'd9d5ee4df79bfb1f901310b22e7c7d0a') in 0.104284 seconds 
========================================================================
Received Import Request.
  Time since last request: 0.000029 seconds.
  path: Assets/LEGO/Prefabs/LEGO Behaviour Bricks/Input Trigger.prefab
  artifactKey: Guid(0e1bf072a3aa3894b938ebe6a19490c5) Importer(815301076,1909f56bfc062723c751e8b465ee728b)
Start importing Assets/LEGO/Prefabs/LEGO Behaviour Bricks/Input Trigger.prefab using Guid(0e1bf072a3aa3894b938ebe6a19490c5) Importer(815301076,1909f56bfc062723c751e8b465ee728b)  -> (artifact id: 'b2d7b4d6b2bf00e900e2c148e7423fc2') in 0.160623 seconds 
========================================================================
Received Import Request.
  Time since last request: 0.000043 seconds.
  path: Assets/LEGO/Prefabs/LEGO Behaviour Bricks/Control.prefab
  artifactKey: Guid(30cbd9d88ad3ab74a88fe4f7b478c574) Importer(815301076,1909f56bfc062723c751e8b465ee728b)
Start importing Assets/LEGO/Prefabs/LEGO Behaviour Bricks/Control.prefab using Guid(30cbd9d88ad3ab74a88fe4f7b478c574) Importer(815301076,1909f56bfc062723c751e8b465ee728b)  -> (artifact id: '212ef36ec9ff5e418de67a85d0e54962') in 0.066251 seconds 
========================================================================
Received Import Request.
  Time since last request: 0.000027 seconds.
  path: Assets/LEGO/Prefabs/LEGO Behaviour Bricks/Rotate.prefab
  artifactKey: Guid(193f2c47f5132467f97398ef0049802e) Importer(815301076,1909f56bfc062723c751e8b465ee728b)
Start importing Assets/LEGO/Prefabs/LEGO Behaviour Bricks/Rotate.prefab using Guid(193f2c47f5132467f97398ef0049802e) Importer(815301076,1909f56bfc062723c751e8b465ee728b)  -> (artifact id: '120a32ec7400718b5ba393e8d44f40bf') in 0.127446 seconds 
========================================================================
Received Import Request.
  Time since last request: 0.000037 seconds.
  path: Assets/LEGO/Prefabs/LEGO Behaviour Bricks/One Button.prefab
  artifactKey: Guid(1f775bc2fdffc134e9c5098dc582ef5c) Importer(815301076,1909f56bfc062723c751e8b465ee728b)
Start importing Assets/LEGO/Prefabs/LEGO Behaviour Bricks/One Button.prefab using Guid(1f775bc2fdffc134e9c5098dc582ef5c) Importer(815301076,1909f56bfc062723c751e8b465ee728b)  -> (artifact id: '124aed0c83b2f059ea09fa4308861b77') in 0.138786 seconds 
========================================================================
Received Import Request.
  Time since last request: 0.000036 seconds.
  path: Assets/LEGO/Prefabs/LEGO Behaviour Bricks/Elevator.prefab
  artifactKey: Guid(498488446aa4c453ebfad8a187f1299a) Importer(815301076,1909f56bfc062723c751e8b465ee728b)
Start importing Assets/LEGO/Prefabs/LEGO Behaviour Bricks/Elevator.prefab using Guid(498488446aa4c453ebfad8a187f1299a) Importer(815301076,1909f56bfc062723c751e8b465ee728b)  -> (artifact id: 'b385fbf87c20da58830d87caa244acdc') in 0.054519 seconds 
========================================================================
Received Import Request.
  Time since last request: 0.000031 seconds.
  path: Assets/LEGO/Prefabs/LEGO Behaviour Bricks/Touch Trigger.prefab
  artifactKey: Guid(45a9e243fd71443c68c6819cdcac03de) Importer(815301076,1909f56bfc062723c751e8b465ee728b)
Start importing Assets/LEGO/Prefabs/LEGO Behaviour Bricks/Touch Trigger.prefab using Guid(45a9e243fd71443c68c6819cdcac03de) Importer(815301076,1909f56bfc062723c751e8b465ee728b)  -> (artifact id: '03153b00b80ee1e3a0d50b557f920f71') in 0.053894 seconds 
========================================================================
Received Import Request.
  Time since last request: 0.000030 seconds.
  path: Assets/LEGO/Prefabs/LEGO Behaviour Bricks/Pickup Trigger.prefab
  artifactKey: Guid(4b2cfe96b53144070b342371e0a54a06) Importer(815301076,1909f56bfc062723c751e8b465ee728b)
Start importing Assets/LEGO/Prefabs/LEGO Behaviour Bricks/Pickup Trigger.prefab using Guid(4b2cfe96b53144070b342371e0a54a06) Importer(815301076,1909f56bfc062723c751e8b465ee728b)  -> (artifact id: '9cd40334f773a2dcebf48eb98106fbb3') in 0.038907 seconds 
========================================================================
Received Import Request.
  Time since last request: 0.000035 seconds.
  path: Assets/LEGO/Prefabs/LEGO Behaviour Bricks/Hazard.prefab
  artifactKey: Guid(569d6da3692aa4c52814451a313b2732) Importer(815301076,1909f56bfc062723c751e8b465ee728b)
Start importing Assets/LEGO/Prefabs/LEGO Behaviour Bricks/Hazard.prefab using Guid(569d6da3692aa4c52814451a313b2732) Importer(815301076,1909f56bfc062723c751e8b465ee728b)  -> (artifact id: '62635b078d7b9bbf8135db611354bc4f') in 0.025692 seconds 
========================================================================
Received Import Request.
  Time since last request: 0.000047 seconds.
  path: Assets/LEGO/Prefabs/LEGO Behaviour Bricks/Timer Trigger.prefab
  artifactKey: Guid(ccb19a972be40420186b733280eba741) Importer(815301076,1909f56bfc062723c751e8b465ee728b)
Start importing Assets/LEGO/Prefabs/LEGO Behaviour Bricks/Timer Trigger.prefab using Guid(ccb19a972be40420186b733280eba741) Importer(815301076,1909f56bfc062723c751e8b465ee728b)  -> (artifact id: '188867cdce8c79b2d99a0884644bc133') in 0.055949 seconds 
Editor requested this worker to shutdown with reason: Scaling down because of idle timeout
AssetImportWorker is now disconnected from the server
Process exiting
Exiting without the bug reporter. Application will terminate with return code 0